Using pre-set license
Built from '2022.3/staging' branch; Version is '2022.3.21f1 (bf09ca542b87) revision 12519882'; Using compiler version '192829333'; Build Type 'Release'
OS: 'Windows 11  (10.0.22631) 64bit CoreSingleLanguage' Language: 'en' Physical Memory: 16069 MB
BatchMode: 1, IsHumanControllingUs: 0, StartBugReporterOnCrash: 0, Is64bit: 1, IsPro: 1

COMMAND LINE ARGUMENTS:
C:\Program Files\Unity\Hub\Editor\2022.3.21f1\Editor\Unity.exe
-adb2
-batchMode
-noUpm
-name
AssetImportWorker2
-projectPath
C:/Users/caleb/void runner/VOID-RUNNER-v3.0/voidRunner3.0
-logFile
Logs/AssetImportWorker2.log
-srvPort
57332
Successfully changed project path to: C:/Users/caleb/void runner/VOID-RUNNER-v3.0/voidRunner3.0
C:/Users/caleb/void runner/VOID-RUNNER-v3.0/voidRunner3.0
[UnityMemory] Configuration Parameters - Can be set up in boot.config
    "memorysetup-bucket-allocator-granularity=16"
    "memorysetup-bucket-allocator-bucket-count=8"
    "memorysetup-bucket-allocator-block-size=33554432"
    "memorysetup-bucket-allocator-block-count=8"
    "memorysetup-main-allocator-block-size=16777216"
    "memorysetup-thread-allocator-block-size=16777216"
    "memorysetup-gfx-main-allocator-block-size=16777216"
    "memorysetup-gfx-thread-allocator-block-size=16777216"
    "memorysetup-cache-allocator-block-size=4194304"
    "memorysetup-typetree-allocator-block-size=2097152"
    "memorysetup-profiler-bucket-allocator-granularity=16"
    "memorysetup-profiler-bucket-allocator-bucket-count=8"
    "memorysetup-profiler-bucket-allocator-block-size=33554432"
    "memorysetup-profiler-bucket-allocator-block-count=8"
    "memorysetup-profiler-allocator-block-size=16777216"
    "memorysetup-profiler-editor-allocator-block-size=1048576"
    "memorysetup-temp-allocator-size-main=16777216"
    "memorysetup-job-temp-allocator-block-size=2097152"
    "memorysetup-job-temp-allocator-block-size-background=1048576"
    "memorysetup-job-temp-allocator-reduction-small-platforms=262144"
    "memorysetup-allocator-temp-initial-block-size-main=262144"
    "memorysetup-allocator-temp-initial-block-size-worker=262144"
    "memorysetup-temp-allocator-size-background-worker=32768"
    "memorysetup-temp-allocator-size-job-worker=262144"
    "memorysetup-temp-allocator-size-preload-manager=33554432"
    "memorysetup-temp-allocator-size-nav-mesh-worker=65536"
    "memorysetup-temp-allocator-size-audio-worker=65536"
    "memorysetup-temp-allocator-size-cloud-worker=32768"
    "memorysetup-temp-allocator-size-gi-baking-worker=262144"
    "memorysetup-temp-allocator-size-gfx=262144"
Player connection [15676] Host "[IP] 10.202.171.45 [Port] 0 [Flags] 2 [Guid] 3441494831 [EditorId] 3441494831 [Version] 1048832 [Id] WindowsEditor(7,MSI) [Debug] 1 [PackageName] WindowsEditor [ProjectName] Editor" joined multi-casting on [225.0.0.222:54997]...

Player connection [15676] Host "[IP] 10.202.171.45 [Port] 0 [Flags] 2 [Guid] 3441494831 [EditorId] 3441494831 [Version] 1048832 [Id] WindowsEditor(7,MSI) [Debug] 1 [PackageName] WindowsEditor [ProjectName] Editor" joined alternative multi-casting on [225.0.0.222:34997]...

[Physics::Module] Initialized MultithreadedJobDispatcher with 11 workers.
Refreshing native plugins compatible for Editor in 8.99 ms, found 3 plugins.
Preloading 0 native plugins for Editor in 0.00 ms.
Initialize engine version: 2022.3.21f1 (bf09ca542b87)
[Subsystems] Discovering subsystems at path C:/Program Files/Unity/Hub/Editor/2022.3.21f1/Editor/Data/Resources/UnitySubsystems
[Subsystems] Discovering subsystems at path C:/Users/caleb/void runner/VOID-RUNNER-v3.0/voidRunner3.0/Assets
GfxDevice: creating device client; threaded=0; jobified=0
Direct3D:
    Version:  Direct3D 11.0 [level 11.1]
    Renderer: NVIDIA GeForce RTX 2050 (ID=0x25ad)
    Vendor:   NVIDIA
    VRAM:     3980 MB
    Driver:   31.0.15.4621
Initialize mono
Mono path[0] = 'C:/Program Files/Unity/Hub/Editor/2022.3.21f1/Editor/Data/Managed'
Mono path[1] = 'C:/Program Files/Unity/Hub/Editor/2022.3.21f1/Editor/Data/MonoBleedingEdge/lib/mono/unityjit-win32'
Mono config path = 'C:/Program Files/Unity/Hub/Editor/2022.3.21f1/Editor/Data/MonoBleedingEdge/etc'
Using monoOptions --debugger-agent=transport=dt_socket,embedding=1,server=y,suspend=n,address=127.0.0.1:56720
Begin MonoManager ReloadAssembly
Registering precompiled unity dll's ...
Register platform support module: C:/Program Files/Unity/Hub/Editor/2022.3.21f1/Editor/Data/PlaybackEngines/AndroidPlayer/UnityEditor.Android.Extensions.dll
Register platform support module: C:/Program Files/Unity/Hub/Editor/2022.3.21f1/Editor/Data/PlaybackEngines/WindowsStandaloneSupport/UnityEditor.WindowsStandalone.Extensions.dll
Registered in 0.006780 seconds.
- Loaded All Assemblies, in  0.340 seconds
Native extension for WindowsStandalone target not found
Native extension for Android target not found
Android Extension - Scanning For ADB Devices 329 ms
Mono: successfully reloaded assembly
- Finished resetting the current domain, in  0.666 seconds
Domain Reload Profiling: 1005ms
	BeginReloadAssembly (98ms)
		ExecutionOrderSort (0ms)
		DisableScriptedObjects (0ms)
		BackupInstance (0ms)
		ReleaseScriptingObjects (0ms)
		CreateAndSetChildDomain (1ms)
	RebuildCommonClasses (33ms)
	RebuildNativeTypeToScriptingClass (9ms)
	initialDomainReloadingComplete (52ms)
	LoadAllAssembliesAndSetupDomain (146ms)
		LoadAssemblies (96ms)
		RebuildTransferFunctionScriptingTraits (0ms)
		AnalyzeDomain (144ms)
			TypeCache.Refresh (143ms)
				TypeCache.ScanAssembly (128ms)
			ScanForSourceGeneratedMonoScriptInfo (0ms)
			ResolveRequiredComponents (0ms)
	FinalizeReload (667ms)
		ReleaseScriptCaches (0ms)
		RebuildScriptCaches (0ms)
		SetupLoadedEditorAssemblies (609ms)
			LogAssemblyErrors (0ms)
			InitializePlatformSupportModulesInManaged (436ms)
			SetLoadedEditorAssemblies (3ms)
			RefreshPlugins (0ms)
			BeforeProcessingInitializeOnLoad (2ms)
			ProcessInitializeOnLoadAttributes (119ms)
			ProcessInitializeOnLoadMethodAttributes (49ms)
			AfterProcessingInitializeOnLoad (0ms)
			EditorAssembliesLoaded (0ms)
		ExecutionOrderSort2 (0ms)
		AwakeInstancesAfterBackupRestoration (0ms)
========================================================================
Worker process is ready to serve import requests
Begin MonoManager ReloadAssembly
- Loaded All Assemblies, in  0.632 seconds
Refreshing native plugins compatible for Editor in 2.61 ms, found 3 plugins.
Native extension for WindowsStandalone target not found
Native extension for Android target not found
Package Manager log level set to [2]
[Package Manager] Server::EnsureServerProcessIsRunning -- launch failed, reason: Unity was launched with the -noUpm command-line argument
[Package Manager] UpmClient::Send -- Unable to send message (not connected to UPM process).
[Package Manager] Cannot connect to Unity Package Manager local server
Mono: successfully reloaded assembly
- Finished resetting the current domain, in  0.556 seconds
Domain Reload Profiling: 1185ms
	BeginReloadAssembly (148ms)
		ExecutionOrderSort (0ms)
		DisableScriptedObjects (5ms)
		BackupInstance (0ms)
		ReleaseScriptingObjects (0ms)
		CreateAndSetChildDomain (23ms)
	RebuildCommonClasses (50ms)
	RebuildNativeTypeToScriptingClass (11ms)
	initialDomainReloadingComplete (40ms)
	LoadAllAssembliesAndSetupDomain (380ms)
		LoadAssemblies (281ms)
		RebuildTransferFunctionScriptingTraits (0ms)
		AnalyzeDomain (185ms)
			TypeCache.Refresh (166ms)
				TypeCache.ScanAssembly (150ms)
			ScanForSourceGeneratedMonoScriptInfo (14ms)
			ResolveRequiredComponents (3ms)
	FinalizeReload (557ms)
		ReleaseScriptCaches (0ms)
		RebuildScriptCaches (0ms)
		SetupLoadedEditorAssemblies (411ms)
			LogAssemblyErrors (0ms)
			InitializePlatformSupportModulesInManaged (22ms)
			SetLoadedEditorAssemblies (6ms)
			RefreshPlugins (0ms)
			BeforeProcessingInitializeOnLoad (60ms)
			ProcessInitializeOnLoadAttributes (300ms)
			ProcessInitializeOnLoadMethodAttributes (18ms)
			AfterProcessingInitializeOnLoad (5ms)
			EditorAssembliesLoaded (0ms)
		ExecutionOrderSort2 (0ms)
		AwakeInstancesAfterBackupRestoration (6ms)
Launched and connected shader compiler UnityShaderCompiler.exe after 0.04 seconds
Refreshing native plugins compatible for Editor in 2.51 ms, found 3 plugins.
Preloading 0 native plugins for Editor in 0.00 ms.
Unloading 3095 Unused Serialized files (Serialized files now loaded: 0)
Unloading 32 unused Assets / (57.1 KB). Loaded Objects now: 3573.
Memory consumption went from 138.3 MB to 138.3 MB.
Total: 3.275400 ms (FindLiveObjects: 0.258900 ms CreateObjectMapping: 0.079100 ms MarkObjects: 2.813500 ms  DeleteObjects: 0.123000 ms)

AssetImportParameters requested are different than current active one (requested -> active):
  custom:container-demuxer-ogg: 62fdf1f143b41e24485cea50d1cbac27 -> 
  custom:video-codec-MediaFoundation-h265: 746d11721c4dcdbdad8f713fa42b33f4 -> 
  custom:video-decoder-ogg-theora: a1e56fd34408186e4bbccfd4996cb3dc -> 
  custom:framework-win-MediaFoundation: 216162199b28c13a410421893ffa2e32 -> 
  custom:CustomObjectIndexerAttribute: 9a22284fe3817be447336de3de66b15e -> 
  custom:container-demuxer-webm: 4f35f7cbe854078d1ac9338744f61a02 -> 
  custom:container-muxer-webm: aa71ff27fc2769a1b78a27578f13a17b -> 
  custom:video-decoder-webm-vp8: 9c59270c3fd7afecdb556c50c9e8de78 -> 
  custom:SearchIndexIgnoredProperties: e643bd26f0fe6173181afceb89e7c659 -> 
  custom:AudioImporter_EditorPlatform: d09bf68614088b80899f8185d706f6e7 -> 
  custom:video-encoder-webm-vp8: eb34c28f22e8b96e1ab97ce403110664 -> 
  custom:audio-decoder-ogg-vorbis: bf7c407c2cedff20999df2af8eb42d56 -> 
  custom:audio-encoder-webm-vorbis: bf7c407c2cedff20999df2af8eb42d56 -> 
========================================================================
Received Import Request.
  Time since last request: 734690.607490 seconds.
  path: Assets/YughuesFreeMetalMaterials/Materials/Textures
  artifactKey: Guid(1e920fb1b107c1d4d9e5864c1a3e5055) Importer(815301076,1909f56bfc062723c751e8b465ee728b)
Start importing Assets/YughuesFreeMetalMaterials/Materials/Textures using Guid(1e920fb1b107c1d4d9e5864c1a3e5055) Importer(815301076,1909f56bfc062723c751e8b465ee728b)  -> (artifact id: 'eec42a2a4ca13451c5aff0e9e82ff6fc') in 0.002561 seconds
Number of updated asset objects reloaded before import = 0
Number of asset objects unloaded after import = 0
========================================================================
Received Import Request.
  Time since last request: 0.047174 seconds.
  path: Assets/YughuesFreeMetalMaterials/Materials/Textures/T_01_Diffuse.tga
  artifactKey: Guid(329307f94867b154e8e49be96de7caad) Importer(815301076,1909f56bfc062723c751e8b465ee728b)
Start importing Assets/YughuesFreeMetalMaterials/Materials/Textures/T_01_Diffuse.tga using Guid(329307f94867b154e8e49be96de7caad) Importer(815301076,1909f56bfc062723c751e8b465ee728b)  -> (artifact id: '9bbeec3617866517df7e721060d13ad6') in 0.057109 seconds
Number of updated asset objects reloaded before import = 0
Number of asset objects unloaded after import = 2
========================================================================
Received Import Request.
  Time since last request: 0.000017 seconds.
  path: Assets/YughuesFreeMetalMaterials/Materials/Textures/T_09_Specular.tga
  artifactKey: Guid(23cbb8ee7779285419c0b154e731c40e) Importer(815301076,1909f56bfc062723c751e8b465ee728b)
Start importing Assets/YughuesFreeMetalMaterials/Materials/Textures/T_09_Specular.tga using Guid(23cbb8ee7779285419c0b154e731c40e) Importer(815301076,1909f56bfc062723c751e8b465ee728b)  -> (artifact id: '45e34905c83194ee039a4714cb9f9319') in 0.007755 seconds
Number of updated asset objects reloaded before import = 0
Number of asset objects unloaded after import = 2
========================================================================
Received Import Request.
  Time since last request: 0.000014 seconds.
  path: Assets/YughuesFreeMetalMaterials/Materials/Textures/T_05_Normal.tga
  artifactKey: Guid(f6e6e6daff08ce04f8e7af85582635bb) Importer(815301076,1909f56bfc062723c751e8b465ee728b)
Start importing Assets/YughuesFreeMetalMaterials/Materials/Textures/T_05_Normal.tga using Guid(f6e6e6daff08ce04f8e7af85582635bb) Importer(815301076,1909f56bfc062723c751e8b465ee728b)  -> (artifact id: '0b04eca48bc182abc437391cbc2e6855') in 0.015424 seconds
Number of updated asset objects reloaded before import = 0
Number of asset objects unloaded after import = 2
========================================================================
Received Import Request.
  Time since last request: 0.000019 seconds.
  path: Assets/YughuesFreeMetalMaterials/Materials/Textures/T_14_Normal.tga
  artifactKey: Guid(d89e0d9211450ba46a26692c471bc88b) Importer(815301076,1909f56bfc062723c751e8b465ee728b)
Start importing Assets/YughuesFreeMetalMaterials/Materials/Textures/T_14_Normal.tga using Guid(d89e0d9211450ba46a26692c471bc88b) Importer(815301076,1909f56bfc062723c751e8b465ee728b)  -> (artifact id: '060fc795f39266bf79f05eabd5c88ef9') in 0.013512 seconds
Number of updated asset objects reloaded before import = 0
Number of asset objects unloaded after import = 2
========================================================================
Received Import Request.
  Time since last request: 0.000036 seconds.
  path: Assets/YughuesFreeMetalMaterials/Materials/Textures/T_16_Emissive.tga
  artifactKey: Guid(8f9391bcf3b56b4429b45da4c326e808) Importer(815301076,1909f56bfc062723c751e8b465ee728b)
Start importing Assets/YughuesFreeMetalMaterials/Materials/Textures/T_16_Emissive.tga using Guid(8f9391bcf3b56b4429b45da4c326e808) Importer(815301076,1909f56bfc062723c751e8b465ee728b)  -> (artifact id: '6b9b55e290f34ce3ac7997834be95ae5') in 0.006214 seconds
Number of updated asset objects reloaded before import = 0
Number of asset objects unloaded after import = 2
========================================================================
Received Import Request.
  Time since last request: 0.000019 seconds.
  path: Assets/YughuesFreeMetalMaterials/Materials/Textures/T_04_Normal.tga
  artifactKey: Guid(c8032c4dd699e8d4d8aa56e703af1483) Importer(815301076,1909f56bfc062723c751e8b465ee728b)
Start importing Assets/YughuesFreeMetalMaterials/Materials/Textures/T_04_Normal.tga using Guid(c8032c4dd699e8d4d8aa56e703af1483) Importer(815301076,1909f56bfc062723c751e8b465ee728b)  -> (artifact id: '3fb737327b2edb198ce7a9ed9bc1f3ff') in 0.010007 seconds
Number of updated asset objects reloaded before import = 0
Number of asset objects unloaded after import = 2
========================================================================
Received Import Request.
  Time since last request: 0.000014 seconds.
  path: Assets/YughuesFreeMetalMaterials/Materials/Textures/T_11_Normal.tga
  artifactKey: Guid(f75108035af3d8a4390bfe96a3342a2f) Importer(815301076,1909f56bfc062723c751e8b465ee728b)
Start importing Assets/YughuesFreeMetalMaterials/Materials/Textures/T_11_Normal.tga using Guid(f75108035af3d8a4390bfe96a3342a2f) Importer(815301076,1909f56bfc062723c751e8b465ee728b)  -> (artifact id: '59dafa1ca74637c974279727ffc45329') in 0.011753 seconds
Number of updated asset objects reloaded before import = 0
Number of asset objects unloaded after import = 2
========================================================================
Received Import Request.
  Time since last request: 0.000017 seconds.
  path: Assets/YughuesFreeMetalMaterials/Materials/Textures/T_10_Glow.tga
  artifactKey: Guid(0145160747ee37d48b70a86ba8103d7a) Importer(815301076,1909f56bfc062723c751e8b465ee728b)
Start importing Assets/YughuesFreeMetalMaterials/Materials/Textures/T_10_Glow.tga using Guid(0145160747ee37d48b70a86ba8103d7a) Importer(815301076,1909f56bfc062723c751e8b465ee728b)  -> (artifact id: 'cbd22c5ddb4ff1955f1448aa91dde993') in 0.006974 seconds
Number of updated asset objects reloaded before import = 0
Number of asset objects unloaded after import = 2
========================================================================
Received Import Request.
  Time since last request: 0.000017 seconds.
  path: Assets/YughuesFreeMetalMaterials/Materials/Textures/T_16_Diffuse.tga
  artifactKey: Guid(1730b9de01b2d4542b503f797a18edc1) Importer(815301076,1909f56bfc062723c751e8b465ee728b)
Start importing Assets/YughuesFreeMetalMaterials/Materials/Textures/T_16_Diffuse.tga using Guid(1730b9de01b2d4542b503f797a18edc1) Importer(815301076,1909f56bfc062723c751e8b465ee728b)  -> (artifact id: 'ab5266ee5e507e8bd587a6963ddecfb3') in 0.007543 seconds
Number of updated asset objects reloaded before import = 0
Number of asset objects unloaded after import = 2
========================================================================
Received Import Request.
  Time since last request: 0.000024 seconds.
  path: Assets/YughuesFreeMetalMaterials/Materials/Textures/T_11_Diffuse.tga
  artifactKey: Guid(02b2e6db5c6cbc74796f44888a7f1197) Importer(815301076,1909f56bfc062723c751e8b465ee728b)
Start importing Assets/YughuesFreeMetalMaterials/Materials/Textures/T_11_Diffuse.tga using Guid(02b2e6db5c6cbc74796f44888a7f1197) Importer(815301076,1909f56bfc062723c751e8b465ee728b)  -> (artifact id: '28165eeae896c240037d4af7a6868b71') in 0.006543 seconds
Number of updated asset objects reloaded before import = 0
Number of asset objects unloaded after import = 2
========================================================================
Received Import Request.
  Time since last request: 0.000014 seconds.
  path: Assets/YughuesFreeMetalMaterials/Materials/Textures/T_18_Diffuse.tga
  artifactKey: Guid(593ec409626273b4fafae09440a512d5) Importer(815301076,1909f56bfc062723c751e8b465ee728b)
Start importing Assets/YughuesFreeMetalMaterials/Materials/Textures/T_18_Diffuse.tga using Guid(593ec409626273b4fafae09440a512d5) Importer(815301076,1909f56bfc062723c751e8b465ee728b)  -> (artifact id: '704550fd78066adecc35fb8f96491eb3') in 0.008132 seconds
Number of updated asset objects reloaded before import = 0
Number of asset objects unloaded after import = 2
========================================================================
Received Import Request.
  Time since last request: 0.000035 seconds.
  path: Assets/YughuesFreeMetalMaterials/Materials/Textures/T_06_Normal.tga
  artifactKey: Guid(b7767f0d201ba334dacf548f5238daeb) Importer(815301076,1909f56bfc062723c751e8b465ee728b)
Start importing Assets/YughuesFreeMetalMaterials/Materials/Textures/T_06_Normal.tga using Guid(b7767f0d201ba334dacf548f5238daeb) Importer(815301076,1909f56bfc062723c751e8b465ee728b)  -> (artifact id: 'e6429df88afcea012fa2a9f4ae1c824c') in 0.009890 seconds
Number of updated asset objects reloaded before import = 0
Number of asset objects unloaded after import = 2
========================================================================
Received Import Request.
  Time since last request: 0.000015 seconds.
  path: Assets/YughuesFreeMetalMaterials/Materials/Textures/T_10_Diffuse.tga
  artifactKey: Guid(9235f02dfc48e41448cbd353c0a00a8d) Importer(815301076,1909f56bfc062723c751e8b465ee728b)
Start importing Assets/YughuesFreeMetalMaterials/Materials/Textures/T_10_Diffuse.tga using Guid(9235f02dfc48e41448cbd353c0a00a8d) Importer(815301076,1909f56bfc062723c751e8b465ee728b)  -> (artifact id: '72662fc919288c93322fe54e1da79e24') in 0.009968 seconds
Number of updated asset objects reloaded before import = 0
Number of asset objects unloaded after import = 2
========================================================================
Received Import Request.
  Time since last request: 0.000026 seconds.
  path: Assets/YughuesFreeMetalMaterials/Materials/Textures/T_05_Specular.tga
  artifactKey: Guid(b4ed233c9409f8a4e83a267a7d60f523) Importer(815301076,1909f56bfc062723c751e8b465ee728b)
Start importing Assets/YughuesFreeMetalMaterials/Materials/Textures/T_05_Specular.tga using Guid(b4ed233c9409f8a4e83a267a7d60f523) Importer(815301076,1909f56bfc062723c751e8b465ee728b)  -> (artifact id: '220188b580db2c4d10998ed1b3063c7b') in 0.012054 seconds
Number of updated asset objects reloaded before import = 0
Number of asset objects unloaded after import = 2
========================================================================
Received Import Request.
  Time since last request: 0.000019 seconds.
  path: Assets/YughuesFreeMetalMaterials/Materials/Textures/T_04_Specular.tga
  artifactKey: Guid(5ac21282e11c3a6439d85e1da57f5989) Importer(815301076,1909f56bfc062723c751e8b465ee728b)
Start importing Assets/YughuesFreeMetalMaterials/Materials/Textures/T_04_Specular.tga using Guid(5ac21282e11c3a6439d85e1da57f5989) Importer(815301076,1909f56bfc062723c751e8b465ee728b)  -> (artifact id: '0ec8df2b60248d96743fec9bf56cfc48') in 0.010586 seconds
Number of updated asset objects reloaded before import = 0
Number of asset objects unloaded after import = 2
========================================================================
Received Import Request.
  Time since last request: 0.000015 seconds.
  path: Assets/YughuesFreeMetalMaterials/Materials/Textures/T_13_Normal.tga
  artifactKey: Guid(85f9003fe1dd73a42a65527724405180) Importer(815301076,1909f56bfc062723c751e8b465ee728b)
Start importing Assets/YughuesFreeMetalMaterials/Materials/Textures/T_13_Normal.tga using Guid(85f9003fe1dd73a42a65527724405180) Importer(815301076,1909f56bfc062723c751e8b465ee728b)  -> (artifact id: '831193de024dc1a2659e20923c379330') in 0.009364 seconds
Number of updated asset objects reloaded before import = 0
Number of asset objects unloaded after import = 2
========================================================================
Received Import Request.
  Time since last request: 26.339422 seconds.
  path: Assets/YughuesFreeMetalMaterials/Materials/Textures/T_18_Specular.tga
  artifactKey: Guid(7ff2b9825ec83cf4e9225113a0b09455) Importer(815301076,1909f56bfc062723c751e8b465ee728b)
Start importing Assets/YughuesFreeMetalMaterials/Materials/Textures/T_18_Specular.tga using Guid(7ff2b9825ec83cf4e9225113a0b09455) Importer(815301076,1909f56bfc062723c751e8b465ee728b)  -> (artifact id: '5258392ee16a4530ee69855b3bbb84dd') in 0.007786 seconds
Number of updated asset objects reloaded before import = 0
Number of asset objects unloaded after import = 2
========================================================================
Received Import Request.
  Time since last request: 0.000017 seconds.
  path: Assets/YughuesFreeMetalMaterials/Materials/Textures/T_20_Normal.tga
  artifactKey: Guid(0bbf8e810623a7147b33e57b1b821b00) Importer(815301076,1909f56bfc062723c751e8b465ee728b)
Start importing Assets/YughuesFreeMetalMaterials/Materials/Textures/T_20_Normal.tga using Guid(0bbf8e810623a7147b33e57b1b821b00) Importer(815301076,1909f56bfc062723c751e8b465ee728b)  -> (artifact id: '55b84afc8b4360132337709d21f54bbe') in 0.014559 seconds
Number of updated asset objects reloaded before import = 0
Number of asset objects unloaded after import = 2
========================================================================
Received Import Request.
  Time since last request: 0.000019 seconds.
  path: Assets/YughuesFreeMetalMaterials/Materials/Textures/T_20_Diffuse.tga
  artifactKey: Guid(87c733e12f51e524d919526b301155bd) Importer(815301076,1909f56bfc062723c751e8b465ee728b)
Start importing Assets/YughuesFreeMetalMaterials/Materials/Textures/T_20_Diffuse.tga using Guid(87c733e12f51e524d919526b301155bd) Importer(815301076,1909f56bfc062723c751e8b465ee728b)  -> (artifact id: 'cc84c4840ac306936a1b3bb4a6816ed9') in 0.008684 seconds
Number of updated asset objects reloaded before import = 0
Number of asset objects unloaded after import = 2
========================================================================
Received Import Request.
  Time since last request: 0.000015 seconds.
  path: Assets/YughuesFreeMetalMaterials/Materials/Textures/T_21_Diffuse.tga
  artifactKey: Guid(65c44c9418dce2e4e966f8fb196d64db) Importer(815301076,1909f56bfc062723c751e8b465ee728b)
Start importing Assets/YughuesFreeMetalMaterials/Materials/Textures/T_21_Diffuse.tga using Guid(65c44c9418dce2e4e966f8fb196d64db) Importer(815301076,1909f56bfc062723c751e8b465ee728b)  -> (artifact id: '00f4c5b1025e0859a24569a2e83250fa') in 0.008748 seconds
Number of updated asset objects reloaded before import = 0
Number of asset objects unloaded after import = 2
========================================================================
Received Import Request.
  Time since last request: 0.240121 seconds.
  path: Assets/YughuesFreeMetalMaterials/Materials/Textures/T_22_Normal.tga
  artifactKey: Guid(7bf14af4662458044a096632566cf50a) Importer(815301076,1909f56bfc062723c751e8b465ee728b)
Start importing Assets/YughuesFreeMetalMaterials/Materials/Textures/T_22_Normal.tga using Guid(7bf14af4662458044a096632566cf50a) Importer(815301076,1909f56bfc062723c751e8b465ee728b)  -> (artifact id: '70b15f02d6addbb4a88aaa7d5e590fc8') in 0.016320 seconds
Number of updated asset objects reloaded before import = 0
Number of asset objects unloaded after import = 2
========================================================================
Received Import Request.
  Time since last request: 0.000015 seconds.
  path: Assets/YughuesFreeMetalMaterials/Materials/Textures/T_24_Specular.tga
  artifactKey: Guid(48be6ed832adba94999829854028da95) Importer(815301076,1909f56bfc062723c751e8b465ee728b)
Start importing Assets/YughuesFreeMetalMaterials/Materials/Textures/T_24_Specular.tga using Guid(48be6ed832adba94999829854028da95) Importer(815301076,1909f56bfc062723c751e8b465ee728b)  -> (artifact id: 'e634442d1b88d8245f4f20ca597dfb1e') in 0.010731 seconds
Number of updated asset objects reloaded before import = 0
Number of asset objects unloaded after import = 2
========================================================================
Received Import Request.
  Time since last request: 0.000013 seconds.
  path: Assets/YughuesFreeMetalMaterials/Materials/Textures/T_25_Specular.tga
  artifactKey: Guid(bd234f8d2756b7848b2423a3f99231cd) Importer(815301076,1909f56bfc062723c751e8b465ee728b)
Start importing Assets/YughuesFreeMetalMaterials/Materials/Textures/T_25_Specular.tga using Guid(bd234f8d2756b7848b2423a3f99231cd) Importer(815301076,1909f56bfc062723c751e8b465ee728b)  -> (artifact id: '5d05d7d1d6b18b11ea38df33965be632') in 0.007397 seconds
Number of updated asset objects reloaded before import = 0
Number of asset objects unloaded after import = 2
========================================================================
Received Import Request.
  Time since last request: 0.000014 seconds.
  path: Assets/YughuesFreeMetalMaterials/Materials/Textures/T_23_Normal.tga
  artifactKey: Guid(1fb10c5603038a24abb2ccad745574c6) Importer(815301076,1909f56bfc062723c751e8b465ee728b)
Start importing Assets/YughuesFreeMetalMaterials/Materials/Textures/T_23_Normal.tga using Guid(1fb10c5603038a24abb2ccad745574c6) Importer(815301076,1909f56bfc062723c751e8b465ee728b)  -> (artifact id: '1f244911b2f5dc1e4eec68001c781ec0') in 0.011760 seconds
Number of updated asset objects reloaded before import = 0
Number of asset objects unloaded after import = 2
========================================================================
Received Import Request.
  Time since last request: 0.329672 seconds.
  path: Assets/YughuesFreeMetalMaterials/Materials/Textures/T_26_Diffuse.tga
  artifactKey: Guid(f82867d065cf7d141b29809854fc3e1d) Importer(815301076,1909f56bfc062723c751e8b465ee728b)
Start importing Assets/YughuesFreeMetalMaterials/Materials/Textures/T_26_Diffuse.tga using Guid(f82867d065cf7d141b29809854fc3e1d) Importer(815301076,1909f56bfc062723c751e8b465ee728b)  -> (artifact id: '31916016accb3f1284e8f53df23dd5c6') in 0.016969 seconds
Number of updated asset objects reloaded before import = 0
Number of asset objects unloaded after import = 2
========================================================================
Received Import Request.
  Time since last request: 0.000014 seconds.
  path: Assets/YughuesFreeMetalMaterials/Materials/Textures/T_28_Diffuse.tga
  artifactKey: Guid(9b6cbf8847f1b8643a4e8b05122ce9aa) Importer(815301076,1909f56bfc062723c751e8b465ee728b)
Start importing Assets/YughuesFreeMetalMaterials/Materials/Textures/T_28_Diffuse.tga using Guid(9b6cbf8847f1b8643a4e8b05122ce9aa) Importer(815301076,1909f56bfc062723c751e8b465ee728b)  -> (artifact id: '8c520c6810ba56be2baa5b456b3b09b3') in 0.007020 seconds
Number of updated asset objects reloaded before import = 0
Number of asset objects unloaded after import = 2
========================================================================
Received Import Request.
  Time since last request: 0.000015 seconds.
  path: Assets/YughuesFreeMetalMaterials/Materials/Textures/T_29_Normal.tga
  artifactKey: Guid(b0a7501717f3514478fad8bb7bae311c) Importer(815301076,1909f56bfc062723c751e8b465ee728b)
Start importing Assets/YughuesFreeMetalMaterials/Materials/Textures/T_29_Normal.tga using Guid(b0a7501717f3514478fad8bb7bae311c) Importer(815301076,1909f56bfc062723c751e8b465ee728b)  -> (artifact id: 'e7b3d843960c36a34398ba0cee4ba24c') in 0.009385 seconds
Number of updated asset objects reloaded before import = 0
Number of asset objects unloaded after import = 2
========================================================================
Received Import Request.
  Time since last request: 0.000063 seconds.
  path: Assets/YughuesFreeMetalMaterials/Materials/Textures/T_27_Diffuse.tga
  artifactKey: Guid(455a6bfeed4785648b13816f37f358e4) Importer(815301076,1909f56bfc062723c751e8b465ee728b)
Start importing Assets/YughuesFreeMetalMaterials/Materials/Textures/T_27_Diffuse.tga using Guid(455a6bfeed4785648b13816f37f358e4) Importer(815301076,1909f56bfc062723c751e8b465ee728b)  -> (artifact id: 'fd9063fccf8d4854cf1381885ca337be') in 0.006125 seconds
Number of updated asset objects reloaded before import = 0
Number of asset objects unloaded after import = 2
========================================================================
Received Import Request.
  Time since last request: 0.172495 seconds.
  path: Assets/YughuesFreeMetalMaterials/Materials/Textures/T_29_Specular.tga
  artifactKey: Guid(e4302bec91d4bb647bc25b8b81f9a9fc) Importer(815301076,1909f56bfc062723c751e8b465ee728b)
Start importing Assets/YughuesFreeMetalMaterials/Materials/Textures/T_29_Specular.tga using Guid(e4302bec91d4bb647bc25b8b81f9a9fc) Importer(815301076,1909f56bfc062723c751e8b465ee728b)  -> (artifact id: '9aa2c1e98ef1eeecb2cbe214a3b2c8db') in 0.014758 seconds
Number of updated asset objects reloaded before import = 0
Number of asset objects unloaded after import = 2
========================================================================
Received Import Request.
  Time since last request: 0.000021 seconds.
  path: Assets/YughuesFreeMetalMaterials/Materials/Textures/T_32_Specular.tga
  artifactKey: Guid(a56680fa333c9894ba111daea6d1c386) Importer(815301076,1909f56bfc062723c751e8b465ee728b)
Start importing Assets/YughuesFreeMetalMaterials/Materials/Textures/T_32_Specular.tga using Guid(a56680fa333c9894ba111daea6d1c386) Importer(815301076,1909f56bfc062723c751e8b465ee728b)  -> (artifact id: 'c6d170d7c2048797d5b356ef0ce5bbc7') in 0.017890 seconds
Number of updated asset objects reloaded before import = 0
Number of asset objects unloaded after import = 2
========================================================================
Received Import Request.
  Time since last request: 0.000015 seconds.
  path: Assets/YughuesFreeMetalMaterials/Materials/Textures/T_33_Diffuse.tga
  artifactKey: Guid(3616af53dd0659648b71cb468bf03d44) Importer(815301076,1909f56bfc062723c751e8b465ee728b)
Start importing Assets/YughuesFreeMetalMaterials/Materials/Textures/T_33_Diffuse.tga using Guid(3616af53dd0659648b71cb468bf03d44) Importer(815301076,1909f56bfc062723c751e8b465ee728b)  -> (artifact id: '7e0d4dbee7b24f6ab50d550227461777') in 0.008629 seconds
Number of updated asset objects reloaded before import = 0
Number of asset objects unloaded after import = 2
========================================================================
Received Import Request.
  Time since last request: 0.579026 seconds.
  path: Assets/YughuesFreeMetalMaterials/Materials/Textures/T_33_Normal.tga
  artifactKey: Guid(6efa5bd4c9b0d8a4c98eb99feafec635) Importer(815301076,1909f56bfc062723c751e8b465ee728b)
Start importing Assets/YughuesFreeMetalMaterials/Materials/Textures/T_33_Normal.tga using Guid(6efa5bd4c9b0d8a4c98eb99feafec635) Importer(815301076,1909f56bfc062723c751e8b465ee728b)  -> (artifact id: '6104013d66bb35e381869afdc3f507c3') in 0.013420 seconds
Number of updated asset objects reloaded before import = 0
Number of asset objects unloaded after import = 2
========================================================================
Received Import Request.
  Time since last request: 0.000017 seconds.
  path: Assets/YughuesFreeMetalMaterials/Materials/Textures/T_36_Specular.tga
  artifactKey: Guid(f0227a91a3a34cf459bf745bb80cc352) Importer(815301076,1909f56bfc062723c751e8b465ee728b)
Start importing Assets/YughuesFreeMetalMaterials/Materials/Textures/T_36_Specular.tga using Guid(f0227a91a3a34cf459bf745bb80cc352) Importer(815301076,1909f56bfc062723c751e8b465ee728b)  -> (artifact id: '28bbf466c4a5ccba3c4e62086d297bb2') in 0.006268 seconds
Number of updated asset objects reloaded before import = 0
Number of asset objects unloaded after import = 2
========================================================================
Received Import Request.
  Time since last request: 0.000014 seconds.
  path: Assets/YughuesFreeMetalMaterials/Materials/Textures/T_35_Diffuse.tga
  artifactKey: Guid(7c1d65d497687d64c9db74501b19ccf8) Importer(815301076,1909f56bfc062723c751e8b465ee728b)
Start importing Assets/YughuesFreeMetalMaterials/Materials/Textures/T_35_Diffuse.tga using Guid(7c1d65d497687d64c9db74501b19ccf8) Importer(815301076,1909f56bfc062723c751e8b465ee728b)  -> (artifact id: '467d5269da63dd3ab14d4ea8fb87e56e') in 0.009565 seconds
Number of updated asset objects reloaded before import = 0
Number of asset objects unloaded after import = 2
========================================================================
Received Import Request.
  Time since last request: 0.000014 seconds.
  path: Assets/YughuesFreeMetalMaterials/Materials/Textures/T_36_Diffuse.tga
  artifactKey: Guid(048117a1d65d06446b690db21b8598e1) Importer(815301076,1909f56bfc062723c751e8b465ee728b)
Start importing Assets/YughuesFreeMetalMaterials/Materials/Textures/T_36_Diffuse.tga using Guid(048117a1d65d06446b690db21b8598e1) Importer(815301076,1909f56bfc062723c751e8b465ee728b)  -> (artifact id: '4f75f47674cea988236ee244d56e6aeb') in 0.009474 seconds
Number of updated asset objects reloaded before import = 0
Number of asset objects unloaded after import = 2
========================================================================
Received Import Request.
  Time since last request: 0.155805 seconds.
  path: Assets/YughuesFreeMetalMaterials/Materials/Textures/T_37_Diffuse.tga
  artifactKey: Guid(464a455c600e8a045bf4b7a3175e0c73) Importer(815301076,1909f56bfc062723c751e8b465ee728b)
Start importing Assets/YughuesFreeMetalMaterials/Materials/Textures/T_37_Diffuse.tga using Guid(464a455c600e8a045bf4b7a3175e0c73) Importer(815301076,1909f56bfc062723c751e8b465ee728b)  -> (artifact id: '1630d867044774e97228e3868baf07f1') in 0.010333 seconds
Number of updated asset objects reloaded before import = 0
Number of asset objects unloaded after import = 2
========================================================================
Received Import Request.
  Time since last request: 0.000019 seconds.
  path: Assets/YughuesFreeMetalMaterials/Materials/Textures/T_42_Specular.tga
  artifactKey: Guid(b75eeacb25d0bf147b73f6f7d50387a4) Importer(815301076,1909f56bfc062723c751e8b465ee728b)
Start importing Assets/YughuesFreeMetalMaterials/Materials/Textures/T_42_Specular.tga using Guid(b75eeacb25d0bf147b73f6f7d50387a4) Importer(815301076,1909f56bfc062723c751e8b465ee728b)  -> (artifact id: '7cbed758296f377c029e51a46a8f7cb0') in 0.013335 seconds
Number of updated asset objects reloaded before import = 0
Number of asset objects unloaded after import = 2
========================================================================
Received Import Request.
  Time since last request: 0.000027 seconds.
  path: Assets/YughuesFreeMetalMaterials/Materials/Textures/T_41_Diffuse.tga
  artifactKey: Guid(a0b96b9edbb3a904a8d6b544881f4b0c) Importer(815301076,1909f56bfc062723c751e8b465ee728b)
Start importing Assets/YughuesFreeMetalMaterials/Materials/Textures/T_41_Diffuse.tga using Guid(a0b96b9edbb3a904a8d6b544881f4b0c) Importer(815301076,1909f56bfc062723c751e8b465ee728b)  -> (artifact id: '70702202c8fb46a294a1337a2b25e204') in 0.010962 seconds
Number of updated asset objects reloaded before import = 0
Number of asset objects unloaded after import = 2
========================================================================
Received Import Request.
  Time since last request: 0.000015 seconds.
  path: Assets/YughuesFreeMetalMaterials/Materials/Textures/T_44_Diffuse.tga
  artifactKey: Guid(f2ad0c737db19b242a7ac4ec9dbc0a2c) Importer(815301076,1909f56bfc062723c751e8b465ee728b)
Start importing Assets/YughuesFreeMetalMaterials/Materials/Textures/T_44_Diffuse.tga using Guid(f2ad0c737db19b242a7ac4ec9dbc0a2c) Importer(815301076,1909f56bfc062723c751e8b465ee728b)  -> (artifact id: 'cedc9ffe2ba0da1531ed799a38df32cf') in 0.007718 seconds
Number of updated asset objects reloaded before import = 0
Number of asset objects unloaded after import = 2
========================================================================
Received Import Request.
  Time since last request: 0.000015 seconds.
  path: Assets/YughuesFreeMetalMaterials/Materials/Textures/T_42_Diffuse.tga
  artifactKey: Guid(0649bd1fe217dd24cb6ebbb0b5cb2d6d) Importer(815301076,1909f56bfc062723c751e8b465ee728b)
Start importing Assets/YughuesFreeMetalMaterials/Materials/Textures/T_42_Diffuse.tga using Guid(0649bd1fe217dd24cb6ebbb0b5cb2d6d) Importer(815301076,1909f56bfc062723c751e8b465ee728b)  -> (artifact id: '22b77777369b75db76870c8d49f2fb9c') in 0.007054 seconds
Number of updated asset objects reloaded before import = 0
Number of asset objects unloaded after import = 2
========================================================================
Received Import Request.
  Time since last request: 0.000014 seconds.
  path: Assets/YughuesFreeMetalMaterials/Materials/Textures/T_39_Specular.tga
  artifactKey: Guid(f2a8ab14dca00204884e746b5744858a) Importer(815301076,1909f56bfc062723c751e8b465ee728b)
Start importing Assets/YughuesFreeMetalMaterials/Materials/Textures/T_39_Specular.tga using Guid(f2a8ab14dca00204884e746b5744858a) Importer(815301076,1909f56bfc062723c751e8b465ee728b)  -> (artifact id: 'e940796c001bcf5f85e8cc1caf84c7fb') in 0.008203 seconds
Number of updated asset objects reloaded before import = 0
Number of asset objects unloaded after import = 2
========================================================================
Received Import Request.
  Time since last request: 0.000027 seconds.
  path: Assets/YughuesFreeMetalMaterials/Materials/Textures/T_41_Normal.tga
  artifactKey: Guid(d9dbacc028e656049949af84c56a4e64) Importer(815301076,1909f56bfc062723c751e8b465ee728b)
Start importing Assets/YughuesFreeMetalMaterials/Materials/Textures/T_41_Normal.tga using Guid(d9dbacc028e656049949af84c56a4e64) Importer(815301076,1909f56bfc062723c751e8b465ee728b)  -> (artifact id: 'c1ea3489b9d0dd851398331ab9abcf0c') in 0.007771 seconds
Number of updated asset objects reloaded before import = 0
Number of asset objects unloaded after import = 2
Editor requested this worker to shutdown with reason: Scaling down because of idle timeout
TcpMessagingSession - receive error: operation aborted. errorcode: 995, details: The I/O operation has been aborted because of either a thread exit or an application request.
AssetImportWorker is now disconnected from the server
Process exiting
Exiting without the bug reporter. Application will terminate with return code 0