Using pre-set license
Built from '2022.3/staging' branch; Version is '2022.3.21f1 (bf09ca542b87) revision 12519882'; Using compiler version '192829333'; Build Type 'Release'
OS: 'Windows 11  (10.0.22631) 64bit CoreSingleLanguage' Language: 'en' Physical Memory: 16069 MB
BatchMode: 1, IsHumanControllingUs: 0, StartBugReporterOnCrash: 0, Is64bit: 1, IsPro: 1

COMMAND LINE ARGUMENTS:
C:\Program Files\Unity\Hub\Editor\2022.3.21f1\Editor\Unity.exe
-adb2
-batchMode
-noUpm
-name
AssetImportWorker0
-projectPath
C:/Users/caleb/void runner/VOID-RUNNER-v3.0/voidRunner3.0
-logFile
Logs/AssetImportWorker0.log
-srvPort
57332
Successfully changed project path to: C:/Users/caleb/void runner/VOID-RUNNER-v3.0/voidRunner3.0
C:/Users/caleb/void runner/VOID-RUNNER-v3.0/voidRunner3.0
[UnityMemory] Configuration Parameters - Can be set up in boot.config
    "memorysetup-bucket-allocator-granularity=16"
    "memorysetup-bucket-allocator-bucket-count=8"
    "memorysetup-bucket-allocator-block-size=33554432"
    "memorysetup-bucket-allocator-block-count=8"
    "memorysetup-main-allocator-block-size=16777216"
    "memorysetup-thread-allocator-block-size=16777216"
    "memorysetup-gfx-main-allocator-block-size=16777216"
    "memorysetup-gfx-thread-allocator-block-size=16777216"
    "memorysetup-cache-allocator-block-size=4194304"
    "memorysetup-typetree-allocator-block-size=2097152"
    "memorysetup-profiler-bucket-allocator-granularity=16"
    "memorysetup-profiler-bucket-allocator-bucket-count=8"
    "memorysetup-profiler-bucket-allocator-block-size=33554432"
    "memorysetup-profiler-bucket-allocator-block-count=8"
    "memorysetup-profiler-allocator-block-size=16777216"
    "memorysetup-profiler-editor-allocator-block-size=1048576"
    "memorysetup-temp-allocator-size-main=16777216"
    "memorysetup-job-temp-allocator-block-size=2097152"
    "memorysetup-job-temp-allocator-block-size-background=1048576"
    "memorysetup-job-temp-allocator-reduction-small-platforms=262144"
    "memorysetup-allocator-temp-initial-block-size-main=262144"
    "memorysetup-allocator-temp-initial-block-size-worker=262144"
    "memorysetup-temp-allocator-size-background-worker=32768"
    "memorysetup-temp-allocator-size-job-worker=262144"
    "memorysetup-temp-allocator-size-preload-manager=33554432"
    "memorysetup-temp-allocator-size-nav-mesh-worker=65536"
    "memorysetup-temp-allocator-size-audio-worker=65536"
    "memorysetup-temp-allocator-size-cloud-worker=32768"
    "memorysetup-temp-allocator-size-gi-baking-worker=262144"
    "memorysetup-temp-allocator-size-gfx=262144"
Player connection [42428] Host "[IP] 10.202.171.45 [Port] 0 [Flags] 2 [Guid] 1028378748 [EditorId] 1028378748 [Version] 1048832 [Id] WindowsEditor(7,MSI) [Debug] 1 [PackageName] WindowsEditor [ProjectName] Editor" joined multi-casting on [225.0.0.222:54997]...

Player connection [42428] Host "[IP] 10.202.171.45 [Port] 0 [Flags] 2 [Guid] 1028378748 [EditorId] 1028378748 [Version] 1048832 [Id] WindowsEditor(7,MSI) [Debug] 1 [PackageName] WindowsEditor [ProjectName] Editor" joined alternative multi-casting on [225.0.0.222:34997]...

[Physics::Module] Initialized MultithreadedJobDispatcher with 11 workers.
Refreshing native plugins compatible for Editor in 5.65 ms, found 3 plugins.
Preloading 0 native plugins for Editor in 0.00 ms.
Initialize engine version: 2022.3.21f1 (bf09ca542b87)
[Subsystems] Discovering subsystems at path C:/Program Files/Unity/Hub/Editor/2022.3.21f1/Editor/Data/Resources/UnitySubsystems
[Subsystems] Discovering subsystems at path C:/Users/caleb/void runner/VOID-RUNNER-v3.0/voidRunner3.0/Assets
GfxDevice: creating device client; threaded=0; jobified=0
Direct3D:
    Version:  Direct3D 11.0 [level 11.1]
    Renderer: NVIDIA GeForce RTX 2050 (ID=0x25ad)
    Vendor:   NVIDIA
    VRAM:     3980 MB
    Driver:   31.0.15.4621
Initialize mono
Mono path[0] = 'C:/Program Files/Unity/Hub/Editor/2022.3.21f1/Editor/Data/Managed'
Mono path[1] = 'C:/Program Files/Unity/Hub/Editor/2022.3.21f1/Editor/Data/MonoBleedingEdge/lib/mono/unityjit-win32'
Mono config path = 'C:/Program Files/Unity/Hub/Editor/2022.3.21f1/Editor/Data/MonoBleedingEdge/etc'
Using monoOptions --debugger-agent=transport=dt_socket,embedding=1,server=y,suspend=n,address=127.0.0.1:56732
Begin MonoManager ReloadAssembly
Registering precompiled unity dll's ...
Register platform support module: C:/Program Files/Unity/Hub/Editor/2022.3.21f1/Editor/Data/PlaybackEngines/AndroidPlayer/UnityEditor.Android.Extensions.dll
Register platform support module: C:/Program Files/Unity/Hub/Editor/2022.3.21f1/Editor/Data/PlaybackEngines/WindowsStandaloneSupport/UnityEditor.WindowsStandalone.Extensions.dll
Registered in 0.005702 seconds.
- Loaded All Assemblies, in  0.340 seconds
Native extension for WindowsStandalone target not found
Native extension for Android target not found
Android Extension - Scanning For ADB Devices 316 ms
Mono: successfully reloaded assembly
- Finished resetting the current domain, in  0.637 seconds
Domain Reload Profiling: 976ms
	BeginReloadAssembly (104ms)
		ExecutionOrderSort (0ms)
		DisableScriptedObjects (0ms)
		BackupInstance (0ms)
		ReleaseScriptingObjects (0ms)
		CreateAndSetChildDomain (1ms)
	RebuildCommonClasses (33ms)
	RebuildNativeTypeToScriptingClass (10ms)
	initialDomainReloadingComplete (52ms)
	LoadAllAssembliesAndSetupDomain (140ms)
		LoadAssemblies (102ms)
		RebuildTransferFunctionScriptingTraits (0ms)
		AnalyzeDomain (137ms)
			TypeCache.Refresh (135ms)
				TypeCache.ScanAssembly (124ms)
			ScanForSourceGeneratedMonoScriptInfo (0ms)
			ResolveRequiredComponents (0ms)
	FinalizeReload (638ms)
		ReleaseScriptCaches (0ms)
		RebuildScriptCaches (0ms)
		SetupLoadedEditorAssemblies (580ms)
			LogAssemblyErrors (0ms)
			InitializePlatformSupportModulesInManaged (424ms)
			SetLoadedEditorAssemblies (4ms)
			RefreshPlugins (0ms)
			BeforeProcessingInitializeOnLoad (2ms)
			ProcessInitializeOnLoadAttributes (109ms)
			ProcessInitializeOnLoadMethodAttributes (41ms)
			AfterProcessingInitializeOnLoad (0ms)
			EditorAssembliesLoaded (0ms)
		ExecutionOrderSort2 (0ms)
		AwakeInstancesAfterBackupRestoration (0ms)
========================================================================
Worker process is ready to serve import requests
Begin MonoManager ReloadAssembly
- Loaded All Assemblies, in  0.657 seconds
Refreshing native plugins compatible for Editor in 2.76 ms, found 3 plugins.
Native extension for WindowsStandalone target not found
Native extension for Android target not found
Package Manager log level set to [2]
[Package Manager] Server::EnsureServerProcessIsRunning -- launch failed, reason: Unity was launched with the -noUpm command-line argument
[Package Manager] UpmClient::Send -- Unable to send message (not connected to UPM process).
[Package Manager] Cannot connect to Unity Package Manager local server
Mono: successfully reloaded assembly
- Finished resetting the current domain, in  0.565 seconds
Domain Reload Profiling: 1220ms
	BeginReloadAssembly (157ms)
		ExecutionOrderSort (0ms)
		DisableScriptedObjects (5ms)
		BackupInstance (0ms)
		ReleaseScriptingObjects (0ms)
		CreateAndSetChildDomain (26ms)
	RebuildCommonClasses (42ms)
	RebuildNativeTypeToScriptingClass (10ms)
	initialDomainReloadingComplete (41ms)
	LoadAllAssembliesAndSetupDomain (405ms)
		LoadAssemblies (289ms)
		RebuildTransferFunctionScriptingTraits (0ms)
		AnalyzeDomain (212ms)
			TypeCache.Refresh (194ms)
				TypeCache.ScanAssembly (177ms)
			ScanForSourceGeneratedMonoScriptInfo (13ms)
			ResolveRequiredComponents (3ms)
	FinalizeReload (566ms)
		ReleaseScriptCaches (0ms)
		RebuildScriptCaches (0ms)
		SetupLoadedEditorAssemblies (415ms)
			LogAssemblyErrors (0ms)
			InitializePlatformSupportModulesInManaged (24ms)
			SetLoadedEditorAssemblies (4ms)
			RefreshPlugins (0ms)
			BeforeProcessingInitializeOnLoad (54ms)
			ProcessInitializeOnLoadAttributes (306ms)
			ProcessInitializeOnLoadMethodAttributes (21ms)
			AfterProcessingInitializeOnLoad (6ms)
			EditorAssembliesLoaded (0ms)
		ExecutionOrderSort2 (0ms)
		AwakeInstancesAfterBackupRestoration (6ms)
Launched and connected shader compiler UnityShaderCompiler.exe after 0.05 seconds
Refreshing native plugins compatible for Editor in 4.26 ms, found 3 plugins.
Preloading 0 native plugins for Editor in 0.00 ms.
Unloading 3095 Unused Serialized files (Serialized files now loaded: 0)
Unloading 32 unused Assets / (57.0 KB). Loaded Objects now: 3573.
Memory consumption went from 138.3 MB to 138.3 MB.
Total: 3.979100 ms (FindLiveObjects: 0.256900 ms CreateObjectMapping: 0.216400 ms MarkObjects: 3.333800 ms  DeleteObjects: 0.170500 ms)

AssetImportParameters requested are different than current active one (requested -> active):
  custom:container-demuxer-ogg: 62fdf1f143b41e24485cea50d1cbac27 -> 
  custom:video-codec-MediaFoundation-h265: 746d11721c4dcdbdad8f713fa42b33f4 -> 
  custom:video-decoder-ogg-theora: a1e56fd34408186e4bbccfd4996cb3dc -> 
  custom:framework-win-MediaFoundation: 216162199b28c13a410421893ffa2e32 -> 
  custom:CustomObjectIndexerAttribute: 9a22284fe3817be447336de3de66b15e -> 
  custom:container-demuxer-webm: 4f35f7cbe854078d1ac9338744f61a02 -> 
  custom:container-muxer-webm: aa71ff27fc2769a1b78a27578f13a17b -> 
  custom:video-decoder-webm-vp8: 9c59270c3fd7afecdb556c50c9e8de78 -> 
  custom:SearchIndexIgnoredProperties: e643bd26f0fe6173181afceb89e7c659 -> 
  custom:AudioImporter_EditorPlatform: d09bf68614088b80899f8185d706f6e7 -> 
  custom:video-encoder-webm-vp8: eb34c28f22e8b96e1ab97ce403110664 -> 
  custom:audio-decoder-ogg-vorbis: bf7c407c2cedff20999df2af8eb42d56 -> 
  custom:audio-encoder-webm-vorbis: bf7c407c2cedff20999df2af8eb42d56 -> 
========================================================================
Received Import Request.
  Time since last request: 734685.532092 seconds.
  path: Assets/YughuesFreeMetalMaterials/Materials/M_YFMM_33.mat
  artifactKey: Guid(2d4eb4632ff89504084de124ceedf2e4) Importer(815301076,1909f56bfc062723c751e8b465ee728b)
Start importing Assets/YughuesFreeMetalMaterials/Materials/M_YFMM_33.mat using Guid(2d4eb4632ff89504084de124ceedf2e4) Importer(815301076,1909f56bfc062723c751e8b465ee728b)  -> (artifact id: 'd6785d09b7120928296deaf7810a4760') in 0.282432 seconds
Number of updated asset objects reloaded before import = 0
Number of asset objects unloaded after import = 4
========================================================================
Received Import Request.
  Time since last request: 0.000028 seconds.
  path: Assets/YughuesFreeMetalMaterials/Materials/M_YFMM_09.mat
  artifactKey: Guid(815726b91e0e2d34a84b7ddc790e5b86) Importer(815301076,1909f56bfc062723c751e8b465ee728b)
Start importing Assets/YughuesFreeMetalMaterials/Materials/M_YFMM_09.mat using Guid(815726b91e0e2d34a84b7ddc790e5b86) Importer(815301076,1909f56bfc062723c751e8b465ee728b)  -> (artifact id: '21e7677cdb188fcd8aaa970df533f89f') in 0.014186 seconds
Number of updated asset objects reloaded before import = 0
Number of asset objects unloaded after import = 4
========================================================================
Received Import Request.
  Time since last request: 0.000016 seconds.
  path: Assets/YughuesFreeMetalMaterials/Materials/M_YFMM_01.mat
  artifactKey: Guid(0799c0fca43b43549b92dbbb57355b63) Importer(815301076,1909f56bfc062723c751e8b465ee728b)
Start importing Assets/YughuesFreeMetalMaterials/Materials/M_YFMM_01.mat using Guid(0799c0fca43b43549b92dbbb57355b63) Importer(815301076,1909f56bfc062723c751e8b465ee728b)  -> (artifact id: '3d528a05f529d0f1ec0ed8f6a7af54d7') in 0.200080 seconds
Number of updated asset objects reloaded before import = 0
Number of asset objects unloaded after import = 4
========================================================================
Received Import Request.
  Time since last request: 0.000019 seconds.
  path: Assets/YughuesFreeMetalMaterials/Materials/M_YFMM_34.mat
  artifactKey: Guid(4a2abd4f67aefc24b9c6cca2d197adc7) Importer(815301076,1909f56bfc062723c751e8b465ee728b)
Start importing Assets/YughuesFreeMetalMaterials/Materials/M_YFMM_34.mat using Guid(4a2abd4f67aefc24b9c6cca2d197adc7) Importer(815301076,1909f56bfc062723c751e8b465ee728b)  -> (artifact id: '6b388356b74fa30152a25e43f46c117f') in 0.014336 seconds
Number of updated asset objects reloaded before import = 0
Number of asset objects unloaded after import = 4
========================================================================
Received Import Request.
  Time since last request: 0.000024 seconds.
  path: Assets/YughuesFreeMetalMaterials/Materials/M_YFMM_13.mat
  artifactKey: Guid(0e3ad63f883b06b458c1ef2d59167313) Importer(815301076,1909f56bfc062723c751e8b465ee728b)
Start importing Assets/YughuesFreeMetalMaterials/Materials/M_YFMM_13.mat using Guid(0e3ad63f883b06b458c1ef2d59167313) Importer(815301076,1909f56bfc062723c751e8b465ee728b)  -> (artifact id: 'a1d422db70de64779a0ad54fa74bb7a0') in 0.012084 seconds
Number of updated asset objects reloaded before import = 0
Number of asset objects unloaded after import = 4
========================================================================
Received Import Request.
  Time since last request: 0.000015 seconds.
  path: Assets/YughuesFreeMetalMaterials/Materials/M_YFMM_05.mat
  artifactKey: Guid(d5c2611926b334e488e131369218f292) Importer(815301076,1909f56bfc062723c751e8b465ee728b)
Start importing Assets/YughuesFreeMetalMaterials/Materials/M_YFMM_05.mat using Guid(d5c2611926b334e488e131369218f292) Importer(815301076,1909f56bfc062723c751e8b465ee728b)  -> (artifact id: '2fb0fa25b1beae0b989f62c3e3e354fb') in 0.013836 seconds
Number of updated asset objects reloaded before import = 0
Number of asset objects unloaded after import = 4
========================================================================
Received Import Request.
  Time since last request: 0.000017 seconds.
  path: Assets/YughuesFreeMetalMaterials/Materials/M_YFMM_41.mat
  artifactKey: Guid(c50e2eb70fabc794d9dde9a41e831644) Importer(815301076,1909f56bfc062723c751e8b465ee728b)
Start importing Assets/YughuesFreeMetalMaterials/Materials/M_YFMM_41.mat using Guid(c50e2eb70fabc794d9dde9a41e831644) Importer(815301076,1909f56bfc062723c751e8b465ee728b)  -> (artifact id: '89a3cad48b567d4bb99436bda87794a2') in 0.014432 seconds
Number of updated asset objects reloaded before import = 0
Number of asset objects unloaded after import = 4
========================================================================
Received Import Request.
  Time since last request: 0.000130 seconds.
  path: Assets/YughuesFreeMetalMaterials/Materials/M_YFMM_26.mat
  artifactKey: Guid(d114cde0600508c4f9eed72b935654e6) Importer(815301076,1909f56bfc062723c751e8b465ee728b)
Start importing Assets/YughuesFreeMetalMaterials/Materials/M_YFMM_26.mat using Guid(d114cde0600508c4f9eed72b935654e6) Importer(815301076,1909f56bfc062723c751e8b465ee728b)  -> (artifact id: 'bc5ff6bbba0b1e4ad7e2615d4325b2b2') in 0.011881 seconds
Number of updated asset objects reloaded before import = 0
Number of asset objects unloaded after import = 4
========================================================================
Received Import Request.
  Time since last request: 0.000017 seconds.
  path: Assets/YughuesFreeMetalMaterials/Materials/M_YFMM_43.mat
  artifactKey: Guid(0a31d93ccb7c2e04a8fae09bd5858d53) Importer(815301076,1909f56bfc062723c751e8b465ee728b)
Start importing Assets/YughuesFreeMetalMaterials/Materials/M_YFMM_43.mat using Guid(0a31d93ccb7c2e04a8fae09bd5858d53) Importer(815301076,1909f56bfc062723c751e8b465ee728b)  -> (artifact id: '09965b3ef7cf1e72f1ed7e81bf2479c3') in 0.009485 seconds
Number of updated asset objects reloaded before import = 0
Number of asset objects unloaded after import = 4
========================================================================
Received Import Request.
  Time since last request: 0.000019 seconds.
  path: Assets/YughuesFreeMetalMaterials/Materials/M_YFMM_45.mat
  artifactKey: Guid(b371f36f272eff140b69e5a5410cd2bd) Importer(815301076,1909f56bfc062723c751e8b465ee728b)
Start importing Assets/YughuesFreeMetalMaterials/Materials/M_YFMM_45.mat using Guid(b371f36f272eff140b69e5a5410cd2bd) Importer(815301076,1909f56bfc062723c751e8b465ee728b)  -> (artifact id: '8446764333930c01a00227a183988fa5') in 0.012931 seconds
Number of updated asset objects reloaded before import = 0
Number of asset objects unloaded after import = 4
========================================================================
Received Import Request.
  Time since last request: 0.000016 seconds.
  path: Assets/YughuesFreeMetalMaterials/Materials/M_YFMM_19.mat
  artifactKey: Guid(c1039856c953f6143b366284c53ece75) Importer(815301076,1909f56bfc062723c751e8b465ee728b)
Start importing Assets/YughuesFreeMetalMaterials/Materials/M_YFMM_19.mat using Guid(c1039856c953f6143b366284c53ece75) Importer(815301076,1909f56bfc062723c751e8b465ee728b)  -> (artifact id: 'ad2bf5ab149b9a0eb203532160849953') in 0.011454 seconds
Number of updated asset objects reloaded before import = 0
Number of asset objects unloaded after import = 4
========================================================================
Received Import Request.
  Time since last request: 0.000015 seconds.
  path: Assets/YughuesFreeMetalMaterials/Materials/M_YFMM_14.mat
  artifactKey: Guid(6bded294da3a9cf47bdb6b9259f86b49) Importer(815301076,1909f56bfc062723c751e8b465ee728b)
Start importing Assets/YughuesFreeMetalMaterials/Materials/M_YFMM_14.mat using Guid(6bded294da3a9cf47bdb6b9259f86b49) Importer(815301076,1909f56bfc062723c751e8b465ee728b)  -> (artifact id: '9a5ac7e195f170703937ed4b611f09d4') in 0.011962 seconds
Number of updated asset objects reloaded before import = 0
Number of asset objects unloaded after import = 4
========================================================================
Received Import Request.
  Time since last request: 0.000021 seconds.
  path: Assets/YughuesFreeMetalMaterials
  artifactKey: Guid(c4ceb8e8c9bf9904cbff3be8558bfca7) Importer(815301076,1909f56bfc062723c751e8b465ee728b)
Start importing Assets/YughuesFreeMetalMaterials using Guid(c4ceb8e8c9bf9904cbff3be8558bfca7) Importer(815301076,1909f56bfc062723c751e8b465ee728b)  -> (artifact id: 'de8cab72b2ba1ac79ebcfe48f340c7b3') in 0.000606 seconds
Number of updated asset objects reloaded before import = 0
Number of asset objects unloaded after import = 0
========================================================================
Received Import Request.
  Time since last request: 0.000051 seconds.
  path: Assets/YughuesFreeMetalMaterials/Materials/M_YFMM_38.mat
  artifactKey: Guid(4609707953676524ca8dbe489a6ced95) Importer(815301076,1909f56bfc062723c751e8b465ee728b)
Start importing Assets/YughuesFreeMetalMaterials/Materials/M_YFMM_38.mat using Guid(4609707953676524ca8dbe489a6ced95) Importer(815301076,1909f56bfc062723c751e8b465ee728b)  -> (artifact id: 'fdc2903d22acd52744a6c09b7fb4d450') in 0.012911 seconds
Number of updated asset objects reloaded before import = 0
Number of asset objects unloaded after import = 4
========================================================================
Received Import Request.
  Time since last request: 0.000026 seconds.
  path: Assets/YughuesFreeMetalMaterials/Materials/M_YFMM_04.mat
  artifactKey: Guid(cb339679d860eb649a63a72e8aaa0ee0) Importer(815301076,1909f56bfc062723c751e8b465ee728b)
Start importing Assets/YughuesFreeMetalMaterials/Materials/M_YFMM_04.mat using Guid(cb339679d860eb649a63a72e8aaa0ee0) Importer(815301076,1909f56bfc062723c751e8b465ee728b)  -> (artifact id: '3126bce9a6657bcddfb3808058b82366') in 0.010538 seconds
Number of updated asset objects reloaded before import = 0
Number of asset objects unloaded after import = 4
========================================================================
Received Import Request.
  Time since last request: 0.000024 seconds.
  path: Assets/YughuesFreeMetalMaterials/Materials/M_YFMM_12.mat
  artifactKey: Guid(d6e7475a477721949a7fa2353ffb7e32) Importer(815301076,1909f56bfc062723c751e8b465ee728b)
Start importing Assets/YughuesFreeMetalMaterials/Materials/M_YFMM_12.mat using Guid(d6e7475a477721949a7fa2353ffb7e32) Importer(815301076,1909f56bfc062723c751e8b465ee728b)  -> (artifact id: 'c81bd5a4a5c6d3aaa0b92e46bf692adf') in 0.107995 seconds
Number of updated asset objects reloaded before import = 0
Number of asset objects unloaded after import = 5
========================================================================
Received Import Request.
  Time since last request: 0.000015 seconds.
  path: Assets/YughuesFreeMetalMaterials/Materials/M_YFMM_18.mat
  artifactKey: Guid(f9d3d0adb0578be45993c6728d3cc2dc) Importer(815301076,1909f56bfc062723c751e8b465ee728b)
Start importing Assets/YughuesFreeMetalMaterials/Materials/M_YFMM_18.mat using Guid(f9d3d0adb0578be45993c6728d3cc2dc) Importer(815301076,1909f56bfc062723c751e8b465ee728b)  -> (artifact id: '7670dab1a54470db9085afb3ab4c8ed3') in 0.010728 seconds
Number of updated asset objects reloaded before import = 0
Number of asset objects unloaded after import = 4
========================================================================
Received Import Request.
  Time since last request: 0.000035 seconds.
  path: Assets/YughuesFreeMetalMaterials/Materials/M_YFMM_32.mat
  artifactKey: Guid(808e5bc0f76962c459361fe60e2d29ec) Importer(815301076,1909f56bfc062723c751e8b465ee728b)
Start importing Assets/YughuesFreeMetalMaterials/Materials/M_YFMM_32.mat using Guid(808e5bc0f76962c459361fe60e2d29ec) Importer(815301076,1909f56bfc062723c751e8b465ee728b)  -> (artifact id: 'd23e8e99e3f306cc79c43361dd82d37d') in 0.013000 seconds
Number of updated asset objects reloaded before import = 0
Number of asset objects unloaded after import = 4
========================================================================
Received Import Request.
  Time since last request: 0.000014 seconds.
  path: Assets/YughuesFreeMetalMaterials/Materials/M_YFMM_30.mat
  artifactKey: Guid(a6d73f9e47bd28d438e0eaa89328614f) Importer(815301076,1909f56bfc062723c751e8b465ee728b)
Start importing Assets/YughuesFreeMetalMaterials/Materials/M_YFMM_30.mat using Guid(a6d73f9e47bd28d438e0eaa89328614f) Importer(815301076,1909f56bfc062723c751e8b465ee728b)  -> (artifact id: '37c6cae5de6e32addaf3b4474a7e3e72') in 0.012675 seconds
Number of updated asset objects reloaded before import = 0
Number of asset objects unloaded after import = 4
========================================================================
Received Import Request.
  Time since last request: 0.000016 seconds.
  path: Assets/YughuesFreeMetalMaterials/Materials/M_YFMM_50.mat
  artifactKey: Guid(7dc874c331998244eaa078e5d615a6dd) Importer(815301076,1909f56bfc062723c751e8b465ee728b)
Start importing Assets/YughuesFreeMetalMaterials/Materials/M_YFMM_50.mat using Guid(7dc874c331998244eaa078e5d615a6dd) Importer(815301076,1909f56bfc062723c751e8b465ee728b)  -> (artifact id: '5f5455973d9d55579db0db1dc15232cb') in 0.014162 seconds
Number of updated asset objects reloaded before import = 0
Number of asset objects unloaded after import = 4
========================================================================
Received Import Request.
  Time since last request: 0.000013 seconds.
  path: Assets/YughuesFreeMetalMaterials/Materials/M_YFMM_44.mat
  artifactKey: Guid(6c196c7188cb7314cb4fc62a41ccad77) Importer(815301076,1909f56bfc062723c751e8b465ee728b)
Start importing Assets/YughuesFreeMetalMaterials/Materials/M_YFMM_44.mat using Guid(6c196c7188cb7314cb4fc62a41ccad77) Importer(815301076,1909f56bfc062723c751e8b465ee728b)  -> (artifact id: 'cb8e6897a137fec537363cf19effd097') in 0.014749 seconds
Number of updated asset objects reloaded before import = 0
Number of asset objects unloaded after import = 4
========================================================================
Received Import Request.
  Time since last request: 0.000015 seconds.
  path: Assets/YughuesFreeMetalMaterials/Materials/M_YFMM_24.mat
  artifactKey: Guid(af089ba3f236b004fb2bb64119f294d8) Importer(815301076,1909f56bfc062723c751e8b465ee728b)
Start importing Assets/YughuesFreeMetalMaterials/Materials/M_YFMM_24.mat using Guid(af089ba3f236b004fb2bb64119f294d8) Importer(815301076,1909f56bfc062723c751e8b465ee728b)  -> (artifact id: '21ee76b948e5d4ef95acd3b178300c37') in 0.012108 seconds
Number of updated asset objects reloaded before import = 0
Number of asset objects unloaded after import = 4
========================================================================
Received Import Request.
  Time since last request: 0.000016 seconds.
  path: Assets/YughuesFreeMetalMaterials/Materials/M_YFMM_16.mat
  artifactKey: Guid(54eb0a880c35ecd4fa56b3b6c33e8aaa) Importer(815301076,1909f56bfc062723c751e8b465ee728b)
Start importing Assets/YughuesFreeMetalMaterials/Materials/M_YFMM_16.mat using Guid(54eb0a880c35ecd4fa56b3b6c33e8aaa) Importer(815301076,1909f56bfc062723c751e8b465ee728b)  -> (artifact id: '46d4ed299ae8369134dbd31ca09f389d') in 0.015295 seconds
Number of updated asset objects reloaded before import = 0
Number of asset objects unloaded after import = 5
========================================================================
Received Import Request.
  Time since last request: 0.000015 seconds.
  path: Assets/YughuesFreeMetalMaterials/Materials/M_YFMM_29.mat
  artifactKey: Guid(c3f545871e6ad0b429875fb73852a671) Importer(815301076,1909f56bfc062723c751e8b465ee728b)
Start importing Assets/YughuesFreeMetalMaterials/Materials/M_YFMM_29.mat using Guid(c3f545871e6ad0b429875fb73852a671) Importer(815301076,1909f56bfc062723c751e8b465ee728b)  -> (artifact id: '1a4170ce6646957dfc74b012fcb849e5') in 0.014859 seconds
Number of updated asset objects reloaded before import = 0
Number of asset objects unloaded after import = 4
========================================================================
Received Import Request.
  Time since last request: 0.000015 seconds.
  path: Assets/YughuesFreeMetalMaterials/Materials/M_YFMM_21.mat
  artifactKey: Guid(d690ce46b58f6704caed1ffbff694459) Importer(815301076,1909f56bfc062723c751e8b465ee728b)
Start importing Assets/YughuesFreeMetalMaterials/Materials/M_YFMM_21.mat using Guid(d690ce46b58f6704caed1ffbff694459) Importer(815301076,1909f56bfc062723c751e8b465ee728b)  -> (artifact id: '8804ae3250781f35df34e045c6c76855') in 0.013180 seconds
Number of updated asset objects reloaded before import = 0
Number of asset objects unloaded after import = 4
========================================================================
Received Import Request.
  Time since last request: 4.237737 seconds.
  path: Assets/YughuesFreeMetalMaterials/Materials/Textures/T_01_Normal.tga
  artifactKey: Guid(e63efd1ff58b45b4ca71d2571ebe8ea2) Importer(815301076,1909f56bfc062723c751e8b465ee728b)
Start importing Assets/YughuesFreeMetalMaterials/Materials/Textures/T_01_Normal.tga using Guid(e63efd1ff58b45b4ca71d2571ebe8ea2) Importer(815301076,1909f56bfc062723c751e8b465ee728b)  -> (artifact id: 'e4904f8f1edf84835cd897612b2d0ac4') in 0.023351 seconds
Number of updated asset objects reloaded before import = 0
Number of asset objects unloaded after import = 2
========================================================================
Received Import Request.
  Time since last request: 0.000023 seconds.
  path: Assets/YughuesFreeMetalMaterials/Materials/Textures/T_16_Specular.tga
  artifactKey: Guid(b4745deb35e7f4a42a3a9da87633930e) Importer(815301076,1909f56bfc062723c751e8b465ee728b)
Start importing Assets/YughuesFreeMetalMaterials/Materials/Textures/T_16_Specular.tga using Guid(b4745deb35e7f4a42a3a9da87633930e) Importer(815301076,1909f56bfc062723c751e8b465ee728b)  -> (artifact id: '2a845d7e58d9b67d1188de2d927dd4e5') in 0.008960 seconds
Number of updated asset objects reloaded before import = 0
Number of asset objects unloaded after import = 2
========================================================================
Received Import Request.
  Time since last request: 0.000018 seconds.
  path: Assets/YughuesFreeMetalMaterials/Materials/Textures/T_18_Normal.tga
  artifactKey: Guid(c902dc60be5856949909aacd8d22ccea) Importer(815301076,1909f56bfc062723c751e8b465ee728b)
Start importing Assets/YughuesFreeMetalMaterials/Materials/Textures/T_18_Normal.tga using Guid(c902dc60be5856949909aacd8d22ccea) Importer(815301076,1909f56bfc062723c751e8b465ee728b)  -> (artifact id: '9da5bfdc2d385ad4ab42c234714de359') in 0.008670 seconds
Number of updated asset objects reloaded before import = 0
Number of asset objects unloaded after import = 2
========================================================================
Received Import Request.
  Time since last request: 0.000037 seconds.
  path: Assets/YughuesFreeMetalMaterials/Materials/Textures/T_10_Specular.tga
  artifactKey: Guid(03dd414d6373d4e458121278ae3a91e5) Importer(815301076,1909f56bfc062723c751e8b465ee728b)
Start importing Assets/YughuesFreeMetalMaterials/Materials/Textures/T_10_Specular.tga using Guid(03dd414d6373d4e458121278ae3a91e5) Importer(815301076,1909f56bfc062723c751e8b465ee728b)  -> (artifact id: '7ab9c16dc6d0d5c91adde13a7828761d') in 0.008606 seconds
Number of updated asset objects reloaded before import = 0
Number of asset objects unloaded after import = 2
========================================================================
Received Import Request.
  Time since last request: 0.000022 seconds.
  path: Assets/YughuesFreeMetalMaterials/Materials/Textures/T_07_Specular.tga
  artifactKey: Guid(b07df3cddf993c54a8a17e64f457b549) Importer(815301076,1909f56bfc062723c751e8b465ee728b)
Start importing Assets/YughuesFreeMetalMaterials/Materials/Textures/T_07_Specular.tga using Guid(b07df3cddf993c54a8a17e64f457b549) Importer(815301076,1909f56bfc062723c751e8b465ee728b)  -> (artifact id: '50d0ed5f737176aa70ededa34e5cc53c') in 0.011281 seconds
Number of updated asset objects reloaded before import = 0
Number of asset objects unloaded after import = 2
========================================================================
Received Import Request.
  Time since last request: 0.000020 seconds.
  path: Assets/YughuesFreeMetalMaterials/Materials/Textures/T_08_Specular.tga
  artifactKey: Guid(9e54b7e0308fe894fac37951533a179e) Importer(815301076,1909f56bfc062723c751e8b465ee728b)
Start importing Assets/YughuesFreeMetalMaterials/Materials/Textures/T_08_Specular.tga using Guid(9e54b7e0308fe894fac37951533a179e) Importer(815301076,1909f56bfc062723c751e8b465ee728b)  -> (artifact id: '676d3fa65574dfe4565ca749f90cbf73') in 0.007411 seconds
Number of updated asset objects reloaded before import = 0
Number of asset objects unloaded after import = 2
========================================================================
Received Import Request.
  Time since last request: 0.000026 seconds.
  path: Assets/YughuesFreeMetalMaterials/Materials/Textures/T_17_Normal.tga
  artifactKey: Guid(2fdef62fbe345cc4daad91030f54a2d9) Importer(815301076,1909f56bfc062723c751e8b465ee728b)
Start importing Assets/YughuesFreeMetalMaterials/Materials/Textures/T_17_Normal.tga using Guid(2fdef62fbe345cc4daad91030f54a2d9) Importer(815301076,1909f56bfc062723c751e8b465ee728b)  -> (artifact id: '8e2dc9200bc9e676931ef36d7750d89d') in 0.010418 seconds
Number of updated asset objects reloaded before import = 0
Number of asset objects unloaded after import = 2
========================================================================
Received Import Request.
  Time since last request: 0.000022 seconds.
  path: Assets/YughuesFreeMetalMaterials/Materials/Textures/T_02_Diffuse.tga
  artifactKey: Guid(b83cd04fd3669764388c0ad4cc89e7e2) Importer(815301076,1909f56bfc062723c751e8b465ee728b)
Start importing Assets/YughuesFreeMetalMaterials/Materials/Textures/T_02_Diffuse.tga using Guid(b83cd04fd3669764388c0ad4cc89e7e2) Importer(815301076,1909f56bfc062723c751e8b465ee728b)  -> (artifact id: '3f10313bd81a9b44e64520d889c57ed7') in 0.013113 seconds
Number of updated asset objects reloaded before import = 0
Number of asset objects unloaded after import = 2
========================================================================
Received Import Request.
  Time since last request: 0.000018 seconds.
  path: Assets/YughuesFreeMetalMaterials/Materials/Textures/T_17_Diffuse.tga
  artifactKey: Guid(f6061b0c042df0b40978226fa22c5697) Importer(815301076,1909f56bfc062723c751e8b465ee728b)
Start importing Assets/YughuesFreeMetalMaterials/Materials/Textures/T_17_Diffuse.tga using Guid(f6061b0c042df0b40978226fa22c5697) Importer(815301076,1909f56bfc062723c751e8b465ee728b)  -> (artifact id: 'fe501a78054cccf0563f1dd2077e5d11') in 0.007554 seconds
Number of updated asset objects reloaded before import = 0
Number of asset objects unloaded after import = 2
========================================================================
Received Import Request.
  Time since last request: 0.000023 seconds.
  path: Assets/YughuesFreeMetalMaterials/Materials/Textures/T_03_Normal.tga
  artifactKey: Guid(1f8c6ec62be014641995334990ab7993) Importer(815301076,1909f56bfc062723c751e8b465ee728b)
Start importing Assets/YughuesFreeMetalMaterials/Materials/Textures/T_03_Normal.tga using Guid(1f8c6ec62be014641995334990ab7993) Importer(815301076,1909f56bfc062723c751e8b465ee728b)  -> (artifact id: 'ac06d0d9a1b9c968c0216ef485554f57') in 0.008129 seconds
Number of updated asset objects reloaded before import = 0
Number of asset objects unloaded after import = 2
========================================================================
Received Import Request.
  Time since last request: 0.000018 seconds.
  path: Assets/YughuesFreeMetalMaterials/Materials/Textures/T_03_Diffuse.tga
  artifactKey: Guid(3f7bdb1db46318a488851d1a48046566) Importer(815301076,1909f56bfc062723c751e8b465ee728b)
Start importing Assets/YughuesFreeMetalMaterials/Materials/Textures/T_03_Diffuse.tga using Guid(3f7bdb1db46318a488851d1a48046566) Importer(815301076,1909f56bfc062723c751e8b465ee728b)  -> (artifact id: 'bc2cb78625250603d88c45f6d0dea8cc') in 0.014024 seconds
Number of updated asset objects reloaded before import = 0
Number of asset objects unloaded after import = 2
========================================================================
Received Import Request.
  Time since last request: 0.000020 seconds.
  path: Assets/YughuesFreeMetalMaterials/Materials/Textures/T_12_Diffuse.tga
  artifactKey: Guid(5d41fed6b38712241854c1e34c96d3ce) Importer(815301076,1909f56bfc062723c751e8b465ee728b)
Start importing Assets/YughuesFreeMetalMaterials/Materials/Textures/T_12_Diffuse.tga using Guid(5d41fed6b38712241854c1e34c96d3ce) Importer(815301076,1909f56bfc062723c751e8b465ee728b)  -> (artifact id: '35ca928427fadbdac1746322c273c7a1') in 0.007506 seconds
Number of updated asset objects reloaded before import = 0
Number of asset objects unloaded after import = 2
========================================================================
Received Import Request.
  Time since last request: 0.000029 seconds.
  path: Assets/YughuesFreeMetalMaterials/Materials/Textures/T_17_Specular.tga
  artifactKey: Guid(d1b497fcc74016c4fa7a75ade1959045) Importer(815301076,1909f56bfc062723c751e8b465ee728b)
Start importing Assets/YughuesFreeMetalMaterials/Materials/Textures/T_17_Specular.tga using Guid(d1b497fcc74016c4fa7a75ade1959045) Importer(815301076,1909f56bfc062723c751e8b465ee728b)  -> (artifact id: '6ccfe4ef914d618f62b70d40c98b324d') in 0.008797 seconds
Number of updated asset objects reloaded before import = 0
Number of asset objects unloaded after import = 2
========================================================================
Received Import Request.
  Time since last request: 0.000018 seconds.
  path: Assets/YughuesFreeMetalMaterials/Materials/Textures/T_12_Emissive.tga
  artifactKey: Guid(2d0a4c78ea142244cbf9957397b75d7a) Importer(815301076,1909f56bfc062723c751e8b465ee728b)
Start importing Assets/YughuesFreeMetalMaterials/Materials/Textures/T_12_Emissive.tga using Guid(2d0a4c78ea142244cbf9957397b75d7a) Importer(815301076,1909f56bfc062723c751e8b465ee728b)  -> (artifact id: '8c78df39779633ba3a2a6d8a77cba532') in 0.011414 seconds
Number of updated asset objects reloaded before import = 0
Number of asset objects unloaded after import = 2
========================================================================
Received Import Request.
  Time since last request: 0.000026 seconds.
  path: Assets/YughuesFreeMetalMaterials/Materials/Textures/T_15_Normal.tga
  artifactKey: Guid(b22c6961048b78945bc62e97743a5f70) Importer(815301076,1909f56bfc062723c751e8b465ee728b)
Start importing Assets/YughuesFreeMetalMaterials/Materials/Textures/T_15_Normal.tga using Guid(b22c6961048b78945bc62e97743a5f70) Importer(815301076,1909f56bfc062723c751e8b465ee728b)  -> (artifact id: '7a341207c3afd0e551a958502421f71b') in 0.008293 seconds
Number of updated asset objects reloaded before import = 0
Number of asset objects unloaded after import = 2
========================================================================
Received Import Request.
  Time since last request: 0.000016 seconds.
  path: Assets/YughuesFreeMetalMaterials/Materials/Textures/T_09_Normal.tga
  artifactKey: Guid(c56ea16fda03e4a429ea043548e66a62) Importer(815301076,1909f56bfc062723c751e8b465ee728b)
Start importing Assets/YughuesFreeMetalMaterials/Materials/Textures/T_09_Normal.tga using Guid(c56ea16fda03e4a429ea043548e66a62) Importer(815301076,1909f56bfc062723c751e8b465ee728b)  -> (artifact id: '08fa627b333bc62fe0f53160fce46c9f') in 0.011572 seconds
Number of updated asset objects reloaded before import = 0
Number of asset objects unloaded after import = 2
========================================================================
Received Import Request.
  Time since last request: 0.000027 seconds.
  path: Assets/YughuesFreeMetalMaterials/Materials/Textures/T_05_Diffuse.tga
  artifactKey: Guid(51b05ea1455c0f64dbd5387d62de22e1) Importer(815301076,1909f56bfc062723c751e8b465ee728b)
Start importing Assets/YughuesFreeMetalMaterials/Materials/Textures/T_05_Diffuse.tga using Guid(51b05ea1455c0f64dbd5387d62de22e1) Importer(815301076,1909f56bfc062723c751e8b465ee728b)  -> (artifact id: 'c439a4ab4466ce49c19fc34173387f76') in 0.007504 seconds
Number of updated asset objects reloaded before import = 0
Number of asset objects unloaded after import = 2
========================================================================
Received Import Request.
  Time since last request: 0.000023 seconds.
  path: Assets/YughuesFreeMetalMaterials/Materials/Textures/T_07_Normal.tga
  artifactKey: Guid(d0a8d5be35949f546bfabeef66d86b82) Importer(815301076,1909f56bfc062723c751e8b465ee728b)
Start importing Assets/YughuesFreeMetalMaterials/Materials/Textures/T_07_Normal.tga using Guid(d0a8d5be35949f546bfabeef66d86b82) Importer(815301076,1909f56bfc062723c751e8b465ee728b)  -> (artifact id: 'd151943e30705b858dcf96acf815d60a') in 0.010117 seconds
Number of updated asset objects reloaded before import = 0
Number of asset objects unloaded after import = 2
========================================================================
Received Import Request.
  Time since last request: 0.000051 seconds.
  path: Assets/YughuesFreeMetalMaterials/Materials/Textures/T_14_Diffuse.tga
  artifactKey: Guid(02a6951378ca77e4fbd84055b67af8ca) Importer(815301076,1909f56bfc062723c751e8b465ee728b)
Start importing Assets/YughuesFreeMetalMaterials/Materials/Textures/T_14_Diffuse.tga using Guid(02a6951378ca77e4fbd84055b67af8ca) Importer(815301076,1909f56bfc062723c751e8b465ee728b)  -> (artifact id: '64c29ef7fd60e1c2a79029d61fd98950') in 0.008296 seconds
Number of updated asset objects reloaded before import = 0
Number of asset objects unloaded after import = 2
========================================================================
Received Import Request.
  Time since last request: 0.000020 seconds.
  path: Assets/YughuesFreeMetalMaterials/Materials/Textures/T_02_Normal.tga
  artifactKey: Guid(d4590337a78a04448a1e23b2d41cd1c4) Importer(815301076,1909f56bfc062723c751e8b465ee728b)
Start importing Assets/YughuesFreeMetalMaterials/Materials/Textures/T_02_Normal.tga using Guid(d4590337a78a04448a1e23b2d41cd1c4) Importer(815301076,1909f56bfc062723c751e8b465ee728b)  -> (artifact id: '1b47aede30a6ea84f7dfafe0367c9d3e') in 0.008590 seconds
Number of updated asset objects reloaded before import = 0
Number of asset objects unloaded after import = 2
========================================================================
Received Import Request.
  Time since last request: 26.335641 seconds.
  path: Assets/YughuesFreeMetalMaterials/Materials/Textures/T_19_Diffuse.tga
  artifactKey: Guid(ef882f7a63423bf4896b9f58e236acf9) Importer(815301076,1909f56bfc062723c751e8b465ee728b)
Start importing Assets/YughuesFreeMetalMaterials/Materials/Textures/T_19_Diffuse.tga using Guid(ef882f7a63423bf4896b9f58e236acf9) Importer(815301076,1909f56bfc062723c751e8b465ee728b)  -> (artifact id: 'f1cbc6a65bf50e95eee30fed31f1fa11') in 0.019700 seconds
Number of updated asset objects reloaded before import = 0
Number of asset objects unloaded after import = 2
========================================================================
Received Import Request.
  Time since last request: 0.000020 seconds.
  path: Assets/YughuesFreeMetalMaterials/Materials/Textures/T_21_Specular.tga
  artifactKey: Guid(c979550daad02764d983ba90e592ad9d) Importer(815301076,1909f56bfc062723c751e8b465ee728b)
Start importing Assets/YughuesFreeMetalMaterials/Materials/Textures/T_21_Specular.tga using Guid(c979550daad02764d983ba90e592ad9d) Importer(815301076,1909f56bfc062723c751e8b465ee728b)  -> (artifact id: 'a26a33b24c0b21b191ddbf87d9b98709') in 0.009964 seconds
Number of updated asset objects reloaded before import = 0
Number of asset objects unloaded after import = 2
========================================================================
Received Import Request.
  Time since last request: 0.000018 seconds.
  path: Assets/YughuesFreeMetalMaterials/Materials/Textures/T_19_Specular.tga
  artifactKey: Guid(edad444768045b242afcceaa7d352ffb) Importer(815301076,1909f56bfc062723c751e8b465ee728b)
Start importing Assets/YughuesFreeMetalMaterials/Materials/Textures/T_19_Specular.tga using Guid(edad444768045b242afcceaa7d352ffb) Importer(815301076,1909f56bfc062723c751e8b465ee728b)  -> (artifact id: '31710520a5e64d0eb5068ffc74dae536') in 0.010954 seconds
Number of updated asset objects reloaded before import = 0
Number of asset objects unloaded after import = 2
========================================================================
Received Import Request.
  Time since last request: 0.239944 seconds.
  path: Assets/YughuesFreeMetalMaterials/Materials/Textures/T_22_Specular.tga
  artifactKey: Guid(15e885e03e6987540a13c5f25e1e7f4b) Importer(815301076,1909f56bfc062723c751e8b465ee728b)
Start importing Assets/YughuesFreeMetalMaterials/Materials/Textures/T_22_Specular.tga using Guid(15e885e03e6987540a13c5f25e1e7f4b) Importer(815301076,1909f56bfc062723c751e8b465ee728b)  -> (artifact id: 'd770b160cbbc5f8898353b499044f44a') in 0.014718 seconds
Number of updated asset objects reloaded before import = 0
Number of asset objects unloaded after import = 2
========================================================================
Received Import Request.
  Time since last request: 0.000030 seconds.
  path: Assets/YughuesFreeMetalMaterials/Materials/Textures/T_24_Diffuse.tga
  artifactKey: Guid(4bdf8705c42ae7540afc582420d73843) Importer(815301076,1909f56bfc062723c751e8b465ee728b)
Start importing Assets/YughuesFreeMetalMaterials/Materials/Textures/T_24_Diffuse.tga using Guid(4bdf8705c42ae7540afc582420d73843) Importer(815301076,1909f56bfc062723c751e8b465ee728b)  -> (artifact id: '127f633c9ff8d5d86ef04f7890f0e28b') in 0.011522 seconds
Number of updated asset objects reloaded before import = 0
Number of asset objects unloaded after import = 2
========================================================================
Received Import Request.
  Time since last request: 0.000069 seconds.
  path: Assets/YughuesFreeMetalMaterials/Materials/Textures/T_23_Specular.tga
  artifactKey: Guid(ca94c84d71c5f1444a24b94522d26e9e) Importer(815301076,1909f56bfc062723c751e8b465ee728b)
Start importing Assets/YughuesFreeMetalMaterials/Materials/Textures/T_23_Specular.tga using Guid(ca94c84d71c5f1444a24b94522d26e9e) Importer(815301076,1909f56bfc062723c751e8b465ee728b)  -> (artifact id: '53b01316a52e0e1f4cefa57882b884a2') in 0.007543 seconds
Number of updated asset objects reloaded before import = 0
Number of asset objects unloaded after import = 2
========================================================================
Received Import Request.
  Time since last request: 0.000018 seconds.
  path: Assets/YughuesFreeMetalMaterials/Materials/Textures/T_25_Normal.tga
  artifactKey: Guid(18fcf7bf1b94dd3459a6ea26b304428e) Importer(815301076,1909f56bfc062723c751e8b465ee728b)
Start importing Assets/YughuesFreeMetalMaterials/Materials/Textures/T_25_Normal.tga using Guid(18fcf7bf1b94dd3459a6ea26b304428e) Importer(815301076,1909f56bfc062723c751e8b465ee728b)  -> (artifact id: '4023d5ac059e8948e8fdacacd6539e1f') in 0.012751 seconds
Number of updated asset objects reloaded before import = 0
Number of asset objects unloaded after import = 2
========================================================================
Received Import Request.
  Time since last request: 0.330364 seconds.
  path: Assets/YughuesFreeMetalMaterials/Materials/Textures/T_26_Normal.tga
  artifactKey: Guid(a5a6e3521459fc94e9bd621c71bd96af) Importer(815301076,1909f56bfc062723c751e8b465ee728b)
Start importing Assets/YughuesFreeMetalMaterials/Materials/Textures/T_26_Normal.tga using Guid(a5a6e3521459fc94e9bd621c71bd96af) Importer(815301076,1909f56bfc062723c751e8b465ee728b)  -> (artifact id: '14b53dc597eb0904bd10b94b9fd0bd33') in 0.015421 seconds
Number of updated asset objects reloaded before import = 0
Number of asset objects unloaded after import = 2
========================================================================
Received Import Request.
  Time since last request: 0.000018 seconds.
  path: Assets/YughuesFreeMetalMaterials/Materials/Textures/T_28_Normal.tga
  artifactKey: Guid(295f3d524574d1c46b83457cc0c64f78) Importer(815301076,1909f56bfc062723c751e8b465ee728b)
Start importing Assets/YughuesFreeMetalMaterials/Materials/Textures/T_28_Normal.tga using Guid(295f3d524574d1c46b83457cc0c64f78) Importer(815301076,1909f56bfc062723c751e8b465ee728b)  -> (artifact id: '306668d4cdaa86017d48111ff4b4132c') in 0.007544 seconds
Number of updated asset objects reloaded before import = 0
Number of asset objects unloaded after import = 2
========================================================================
Received Import Request.
  Time since last request: 0.000019 seconds.
  path: Assets/YughuesFreeMetalMaterials/Materials/Textures/T_28_Specular.tga
  artifactKey: Guid(d86c80ae03435124fbf96fd0e9882016) Importer(815301076,1909f56bfc062723c751e8b465ee728b)
Start importing Assets/YughuesFreeMetalMaterials/Materials/Textures/T_28_Specular.tga using Guid(d86c80ae03435124fbf96fd0e9882016) Importer(815301076,1909f56bfc062723c751e8b465ee728b)  -> (artifact id: 'e1c90b16d0e22c8f736637d4f4011485') in 0.013507 seconds
Number of updated asset objects reloaded before import = 0
Number of asset objects unloaded after import = 2
========================================================================
Received Import Request.
  Time since last request: 0.000020 seconds.
  path: Assets/YughuesFreeMetalMaterials/Materials/Textures/T_27_Normal.tga
  artifactKey: Guid(32f6012cc48ae0b4899021bb4a03a8da) Importer(815301076,1909f56bfc062723c751e8b465ee728b)
Start importing Assets/YughuesFreeMetalMaterials/Materials/Textures/T_27_Normal.tga using Guid(32f6012cc48ae0b4899021bb4a03a8da) Importer(815301076,1909f56bfc062723c751e8b465ee728b)  -> (artifact id: '0788697316988fba2ae6472563bce7d4') in 0.007014 seconds
Number of updated asset objects reloaded before import = 0
Number of asset objects unloaded after import = 2
========================================================================
Received Import Request.
  Time since last request: 0.167874 seconds.
  path: Assets/YughuesFreeMetalMaterials/Materials/Textures/T_30_Diffuse.tga
  artifactKey: Guid(6612a81492f80c143801fcb059874cea) Importer(815301076,1909f56bfc062723c751e8b465ee728b)
Start importing Assets/YughuesFreeMetalMaterials/Materials/Textures/T_30_Diffuse.tga using Guid(6612a81492f80c143801fcb059874cea) Importer(815301076,1909f56bfc062723c751e8b465ee728b)  -> (artifact id: 'fc2ae67d357f19853bd7878be695c0fb') in 0.013664 seconds
Number of updated asset objects reloaded before import = 0
Number of asset objects unloaded after import = 2
========================================================================
Received Import Request.
  Time since last request: 0.000028 seconds.
  path: Assets/YughuesFreeMetalMaterials/Materials/Textures/T_30_Specular.tga
  artifactKey: Guid(a9d5254462ec08c49bfbc9da579a1f13) Importer(815301076,1909f56bfc062723c751e8b465ee728b)
Start importing Assets/YughuesFreeMetalMaterials/Materials/Textures/T_30_Specular.tga using Guid(a9d5254462ec08c49bfbc9da579a1f13) Importer(815301076,1909f56bfc062723c751e8b465ee728b)  -> (artifact id: 'c0b8bd36bae938306b3a94ce752687bd') in 0.011424 seconds
Number of updated asset objects reloaded before import = 0
Number of asset objects unloaded after import = 2
========================================================================
Received Import Request.
  Time since last request: 0.000018 seconds.
  path: Assets/YughuesFreeMetalMaterials/Materials/Textures/T_32_Normal.tga
  artifactKey: Guid(2c1a4f21c19d4044eb1a16365b2ee5c2) Importer(815301076,1909f56bfc062723c751e8b465ee728b)
Start importing Assets/YughuesFreeMetalMaterials/Materials/Textures/T_32_Normal.tga using Guid(2c1a4f21c19d4044eb1a16365b2ee5c2) Importer(815301076,1909f56bfc062723c751e8b465ee728b)  -> (artifact id: '88a68de180306fa3c9f3199be4e2ff7a') in 0.010410 seconds
Number of updated asset objects reloaded before import = 0
Number of asset objects unloaded after import = 2
========================================================================
Received Import Request.
  Time since last request: 0.000020 seconds.
  path: Assets/YughuesFreeMetalMaterials/Materials/Textures/T_31_Normal.tga
  artifactKey: Guid(79a144edbc721134e96d8c6b78287024) Importer(815301076,1909f56bfc062723c751e8b465ee728b)
Start importing Assets/YughuesFreeMetalMaterials/Materials/Textures/T_31_Normal.tga using Guid(79a144edbc721134e96d8c6b78287024) Importer(815301076,1909f56bfc062723c751e8b465ee728b)  -> (artifact id: '58a81307c0805864312b1cb2b97a1bc0') in 0.009546 seconds
Number of updated asset objects reloaded before import = 0
Number of asset objects unloaded after import = 2
========================================================================
Received Import Request.
  Time since last request: 0.573730 seconds.
  path: Assets/YughuesFreeMetalMaterials/Materials/Textures/T_33_Specular.tga
  artifactKey: Guid(2f8736d3b14d57248aa4deb116b93d32) Importer(815301076,1909f56bfc062723c751e8b465ee728b)
Start importing Assets/YughuesFreeMetalMaterials/Materials/Textures/T_33_Specular.tga using Guid(2f8736d3b14d57248aa4deb116b93d32) Importer(815301076,1909f56bfc062723c751e8b465ee728b)  -> (artifact id: 'e308c48eb39bb3d58a72bfb49030dbac') in 0.019507 seconds
Number of updated asset objects reloaded before import = 0
Number of asset objects unloaded after import = 2
========================================================================
Received Import Request.
  Time since last request: 0.000019 seconds.
  path: Assets/YughuesFreeMetalMaterials/Materials/Textures/T_35_Specular.tga
  artifactKey: Guid(d5f16c147d28ac84ea736b0c41958bfb) Importer(815301076,1909f56bfc062723c751e8b465ee728b)
Start importing Assets/YughuesFreeMetalMaterials/Materials/Textures/T_35_Specular.tga using Guid(d5f16c147d28ac84ea736b0c41958bfb) Importer(815301076,1909f56bfc062723c751e8b465ee728b)  -> (artifact id: '9774e1ee6ae79353f1c4c44b593ba0ad') in 0.008761 seconds
Number of updated asset objects reloaded before import = 0
Number of asset objects unloaded after import = 2
========================================================================
Received Import Request.
  Time since last request: 0.000018 seconds.
  path: Assets/YughuesFreeMetalMaterials/Materials/Textures/T_35_Normal.tga
  artifactKey: Guid(47559ced24a29b9428ba59951a3b02bc) Importer(815301076,1909f56bfc062723c751e8b465ee728b)
Start importing Assets/YughuesFreeMetalMaterials/Materials/Textures/T_35_Normal.tga using Guid(47559ced24a29b9428ba59951a3b02bc) Importer(815301076,1909f56bfc062723c751e8b465ee728b)  -> (artifact id: 'b9cc8205945d75dd8377435a7205250a') in 0.007375 seconds
Number of updated asset objects reloaded before import = 0
Number of asset objects unloaded after import = 2
========================================================================
Received Import Request.
  Time since last request: 0.159196 seconds.
  path: Assets/YughuesFreeMetalMaterials/Materials/Textures/T_37_Normal.tga
  artifactKey: Guid(99b90d66a3c01c149a95efb7fa1070ab) Importer(815301076,1909f56bfc062723c751e8b465ee728b)
Start importing Assets/YughuesFreeMetalMaterials/Materials/Textures/T_37_Normal.tga using Guid(99b90d66a3c01c149a95efb7fa1070ab) Importer(815301076,1909f56bfc062723c751e8b465ee728b)  -> (artifact id: '7c8db5d123325d8a53530833863e8944') in 0.010535 seconds
Number of updated asset objects reloaded before import = 0
Number of asset objects unloaded after import = 2
========================================================================
Received Import Request.
  Time since last request: 0.000019 seconds.
  path: Assets/YughuesFreeMetalMaterials/Materials/Textures/T_38_Diffuse.tga
  artifactKey: Guid(9a1b6d5ae0baac0468a752a11214c0d6) Importer(815301076,1909f56bfc062723c751e8b465ee728b)
Start importing Assets/YughuesFreeMetalMaterials/Materials/Textures/T_38_Diffuse.tga using Guid(9a1b6d5ae0baac0468a752a11214c0d6) Importer(815301076,1909f56bfc062723c751e8b465ee728b)  -> (artifact id: '5c3cf323815716b69c3d1b83334601df') in 0.017204 seconds
Number of updated asset objects reloaded before import = 0
Number of asset objects unloaded after import = 2
========================================================================
Received Import Request.
  Time since last request: 0.000019 seconds.
  path: Assets/YughuesFreeMetalMaterials/Materials/Textures/T_38_Normal.tga
  artifactKey: Guid(ff112d4d8095778409870405738d14f6) Importer(815301076,1909f56bfc062723c751e8b465ee728b)
Start importing Assets/YughuesFreeMetalMaterials/Materials/Textures/T_38_Normal.tga using Guid(ff112d4d8095778409870405738d14f6) Importer(815301076,1909f56bfc062723c751e8b465ee728b)  -> (artifact id: '1825ffd610ef028c274dcc5e8bf1ae79') in 0.008669 seconds
Number of updated asset objects reloaded before import = 0
Number of asset objects unloaded after import = 2
========================================================================
Received Import Request.
  Time since last request: 0.000018 seconds.
  path: Assets/YughuesFreeMetalMaterials/Materials/Textures/T_38_Specular.tga
  artifactKey: Guid(31da0e9d4e721be4ca16edb93d39a93d) Importer(815301076,1909f56bfc062723c751e8b465ee728b)
Start importing Assets/YughuesFreeMetalMaterials/Materials/Textures/T_38_Specular.tga using Guid(31da0e9d4e721be4ca16edb93d39a93d) Importer(815301076,1909f56bfc062723c751e8b465ee728b)  -> (artifact id: 'ed1389cf499863a01ee6078039b987c9') in 0.009078 seconds
Number of updated asset objects reloaded before import = 0
Number of asset objects unloaded after import = 2
========================================================================
Received Import Request.
  Time since last request: 0.000017 seconds.
  path: Assets/YughuesFreeMetalMaterials/Materials/Textures/T_40_Normal.tga
  artifactKey: Guid(0641f934232d8914ea2e2479cf4c0939) Importer(815301076,1909f56bfc062723c751e8b465ee728b)
Start importing Assets/YughuesFreeMetalMaterials/Materials/Textures/T_40_Normal.tga using Guid(0641f934232d8914ea2e2479cf4c0939) Importer(815301076,1909f56bfc062723c751e8b465ee728b)  -> (artifact id: '1b586683696d99f0cf148e53365dcb06') in 0.008848 seconds
Number of updated asset objects reloaded before import = 0
Number of asset objects unloaded after import = 2
========================================================================
Received Import Request.
  Time since last request: 0.000019 seconds.
  path: Assets/YughuesFreeMetalMaterials/Materials/Textures/T_39_Normal.tga
  artifactKey: Guid(5a896725211d8bb4396e6539cb2ab3b4) Importer(815301076,1909f56bfc062723c751e8b465ee728b)
Start importing Assets/YughuesFreeMetalMaterials/Materials/Textures/T_39_Normal.tga using Guid(5a896725211d8bb4396e6539cb2ab3b4) Importer(815301076,1909f56bfc062723c751e8b465ee728b)  -> (artifact id: '2c57cf77f47d0fc3c1822c72360e9787') in 0.008385 seconds
Number of updated asset objects reloaded before import = 0
Number of asset objects unloaded after import = 2
========================================================================
Received Import Request.
  Time since last request: 0.000016 seconds.
  path: Assets/YughuesFreeMetalMaterials/Materials/Textures/T_41_Specular.tga
  artifactKey: Guid(05f26edba3a3bc34d938d1de68119378) Importer(815301076,1909f56bfc062723c751e8b465ee728b)
Start importing Assets/YughuesFreeMetalMaterials/Materials/Textures/T_41_Specular.tga using Guid(05f26edba3a3bc34d938d1de68119378) Importer(815301076,1909f56bfc062723c751e8b465ee728b)  -> (artifact id: '8014e0944c5e3ac78d13725d3e858846') in 0.008554 seconds
Number of updated asset objects reloaded before import = 0
Number of asset objects unloaded after import = 2
========================================================================
Received Import Request.
  Time since last request: 143.092658 seconds.
  path: Assets/DigitalKonstrukt
  artifactKey: Guid(95f23aa1887f9164889383911e548e07) Importer(815301076,1909f56bfc062723c751e8b465ee728b)
Start importing Assets/DigitalKonstrukt using Guid(95f23aa1887f9164889383911e548e07) Importer(815301076,1909f56bfc062723c751e8b465ee728b)  -> (artifact id: 'efd661ca9914a4c2b869cddf9e4ef979') in 0.000713 seconds
Number of updated asset objects reloaded before import = 0
Number of asset objects unloaded after import = 0
========================================================================
Received Import Request.
  Time since last request: 10.335497 seconds.
  path: Assets/Scenes/Materials
  artifactKey: Guid(ce74fa6e66796ea4da5d608fe58d9482) Importer(815301076,1909f56bfc062723c751e8b465ee728b)
Start importing Assets/Scenes/Materials using Guid(ce74fa6e66796ea4da5d608fe58d9482) Importer(815301076,1909f56bfc062723c751e8b465ee728b)  -> (artifact id: '66a3c7a7400a8171b67bb61e080bd3fb') in 0.000516 seconds
Number of updated asset objects reloaded before import = 0
Number of asset objects unloaded after import = 0
========================================================================
Received Import Request.
  Time since last request: 5.108080 seconds.
  path: Assets/Hovl Studio
  artifactKey: Guid(5939edb6029f24a4caf33a71b43ca5c1) Importer(815301076,1909f56bfc062723c751e8b465ee728b)
Start importing Assets/Hovl Studio using Guid(5939edb6029f24a4caf33a71b43ca5c1) Importer(815301076,1909f56bfc062723c751e8b465ee728b)  -> (artifact id: '4eede96d9a167600f665ee9c4bc549cc') in 0.000598 seconds
Number of updated asset objects reloaded before import = 0
Number of asset objects unloaded after import = 0
========================================================================
Received Import Request.
  Time since last request: 1.652780 seconds.
  path: Assets/Hovl Studio/Resources
  artifactKey: Guid(f553b207639f79549bc12ac8a2681eac) Importer(815301076,1909f56bfc062723c751e8b465ee728b)
Start importing Assets/Hovl Studio/Resources using Guid(f553b207639f79549bc12ac8a2681eac) Importer(815301076,1909f56bfc062723c751e8b465ee728b)  -> (artifact id: '6991ae9357abb4aa0f02274b34cb225c') in 0.000620 seconds
Number of updated asset objects reloaded before import = 0
Number of asset objects unloaded after import = 0
========================================================================
Received Import Request.
  Time since last request: 95.865907 seconds.
  path: Assets/Scenes/Materials/M_YFMM_06.mat
  artifactKey: Guid(404f9faecac1f6d43b5fcefa89522ab1) Importer(815301076,1909f56bfc062723c751e8b465ee728b)
Start importing Assets/Scenes/Materials/M_YFMM_06.mat using Guid(404f9faecac1f6d43b5fcefa89522ab1) Importer(815301076,1909f56bfc062723c751e8b465ee728b)  -> (artifact id: '32c53c104c7a6cfd31ef28b3717fc33a') in 0.213162 seconds
Number of updated asset objects reloaded before import = 0
Number of asset objects unloaded after import = 1
========================================================================
Received Import Request.
  Time since last request: 21.815264 seconds.
  path: Assets/YughuesFreeMetalMaterials/Demo
  artifactKey: Guid(d6c4ce7a3eb1c604ebf452d7055de8ce) Importer(815301076,1909f56bfc062723c751e8b465ee728b)
Start importing Assets/YughuesFreeMetalMaterials/Demo using Guid(d6c4ce7a3eb1c604ebf452d7055de8ce) Importer(815301076,1909f56bfc062723c751e8b465ee728b)  -> (artifact id: '2286fb14fb1d99611faf08c4d133e37c') in 0.000681 seconds
Number of updated asset objects reloaded before import = 0
Number of asset objects unloaded after import = 0
========================================================================
Received Import Request.
  Time since last request: 54.676464 seconds.
  path: Assets/Scenes/Materials/Textures
  artifactKey: Guid(de0b1e1055a5fcd4d9f7d435bf9d531a) Importer(815301076,1909f56bfc062723c751e8b465ee728b)
Start importing Assets/Scenes/Materials/Textures using Guid(de0b1e1055a5fcd4d9f7d435bf9d531a) Importer(815301076,1909f56bfc062723c751e8b465ee728b)  -> (artifact id: 'bd8676b0b8f2c08bb0934e23f3d19d97') in 0.000565 seconds
Number of updated asset objects reloaded before import = 0
Number of asset objects unloaded after import = 0
========================================================================
Received Import Request.
  Time since last request: 43.434137 seconds.
  path: Assets/_TerrainAutoUpgrade
  artifactKey: Guid(dda265e23d0b9614c9c1c86fbdb9ed87) Importer(815301076,1909f56bfc062723c751e8b465ee728b)
Start importing Assets/_TerrainAutoUpgrade using Guid(dda265e23d0b9614c9c1c86fbdb9ed87) Importer(815301076,1909f56bfc062723c751e8b465ee728b)  -> (artifact id: 'c3b31dbdaabb21e38cd3d53fe09a868b') in 0.000670 seconds
Number of updated asset objects reloaded before import = 0
Number of asset objects unloaded after import = 0
========================================================================
Received Import Request.
  Time since last request: 66.095947 seconds.
  path: Assets/YughuesFreeMetalMaterials/Materials
  artifactKey: Guid(dc9df54ec69ab014ea566db1cac1b438) Importer(815301076,1909f56bfc062723c751e8b465ee728b)
Start importing Assets/YughuesFreeMetalMaterials/Materials using Guid(dc9df54ec69ab014ea566db1cac1b438) Importer(815301076,1909f56bfc062723c751e8b465ee728b)  -> (artifact id: 'db72df0520e61b5705dd716f73819a5e') in 0.000543 seconds
Number of updated asset objects reloaded before import = 0
Number of asset objects unloaded after import = 0
========================================================================
Received Import Request.
  Time since last request: 135.665501 seconds.
  path: Assets/YughuesFreeMetalMaterials/Materials/M_YFMM_01.mat
  artifactKey: Guid(0799c0fca43b43549b92dbbb57355b63) Importer(815301076,1909f56bfc062723c751e8b465ee728b)
Start importing Assets/YughuesFreeMetalMaterials/Materials/M_YFMM_01.mat using Guid(0799c0fca43b43549b92dbbb57355b63) Importer(815301076,1909f56bfc062723c751e8b465ee728b)  -> (artifact id: 'ea335f22802772b2045a9200d9c9769f') in 0.014866 seconds
Number of updated asset objects reloaded before import = 0
Number of asset objects unloaded after import = 1
========================================================================
Received Import Request.
  Time since last request: 0.000036 seconds.
  path: Assets/YughuesFreeMetalMaterials/Materials/M_YFMM_04.mat
  artifactKey: Guid(cb339679d860eb649a63a72e8aaa0ee0) Importer(815301076,1909f56bfc062723c751e8b465ee728b)
Start importing Assets/YughuesFreeMetalMaterials/Materials/M_YFMM_04.mat using Guid(cb339679d860eb649a63a72e8aaa0ee0) Importer(815301076,1909f56bfc062723c751e8b465ee728b)  -> (artifact id: 'eb5f78e08be3177dc0e5e3f6f4fbe58d') in 0.229919 seconds
Number of updated asset objects reloaded before import = 0
Number of asset objects unloaded after import = 2
========================================================================
Received Import Request.
  Time since last request: 0.000017 seconds.
  path: Assets/YughuesFreeMetalMaterials/Materials/M_YFMM_33.mat
  artifactKey: Guid(2d4eb4632ff89504084de124ceedf2e4) Importer(815301076,1909f56bfc062723c751e8b465ee728b)
Start importing Assets/YughuesFreeMetalMaterials/Materials/M_YFMM_33.mat using Guid(2d4eb4632ff89504084de124ceedf2e4) Importer(815301076,1909f56bfc062723c751e8b465ee728b)  -> (artifact id: 'fedbcbac69fb5820420d035250274bb7') in 0.011998 seconds
Number of updated asset objects reloaded before import = 0
Number of asset objects unloaded after import = 1
========================================================================
Received Import Request.
  Time since last request: 0.000039 seconds.
  path: Assets/YughuesFreeMetalMaterials/Materials/M_YFMM_11.mat
  artifactKey: Guid(bacc7ee8fd0869d45be470f049e53d8b) Importer(815301076,1909f56bfc062723c751e8b465ee728b)
Start importing Assets/YughuesFreeMetalMaterials/Materials/M_YFMM_11.mat using Guid(bacc7ee8fd0869d45be470f049e53d8b) Importer(815301076,1909f56bfc062723c751e8b465ee728b)  -> (artifact id: '57ab707f48ea3001f2a9958e5f2c734b') in 0.007767 seconds
Number of updated asset objects reloaded before import = 0
Number of asset objects unloaded after import = 1
========================================================================
Received Import Request.
  Time since last request: 0.000020 seconds.
  path: Assets/YughuesFreeMetalMaterials/Materials/M_YFMM_36.mat
  artifactKey: Guid(9b8a78dbb8e688e468daf2da07cf93b6) Importer(815301076,1909f56bfc062723c751e8b465ee728b)
Start importing Assets/YughuesFreeMetalMaterials/Materials/M_YFMM_36.mat using Guid(9b8a78dbb8e688e468daf2da07cf93b6) Importer(815301076,1909f56bfc062723c751e8b465ee728b)  -> (artifact id: '17f6c3b43b4e25e9b9f1bf38e4e91271') in 0.006914 seconds
Number of updated asset objects reloaded before import = 0
Number of asset objects unloaded after import = 1
========================================================================
Received Import Request.
  Time since last request: 0.000020 seconds.
  path: Assets/YughuesFreeMetalMaterials/Materials/M_YFMM_25.mat
  artifactKey: Guid(66bb025986bd66c479f0fe7e007798b0) Importer(815301076,1909f56bfc062723c751e8b465ee728b)
Start importing Assets/YughuesFreeMetalMaterials/Materials/M_YFMM_25.mat using Guid(66bb025986bd66c479f0fe7e007798b0) Importer(815301076,1909f56bfc062723c751e8b465ee728b)  -> (artifact id: '905fadd62a683f298abc737661437fce') in 0.007098 seconds
Number of updated asset objects reloaded before import = 0
Number of asset objects unloaded after import = 1
========================================================================
Received Import Request.
  Time since last request: 0.000054 seconds.
  path: Assets/YughuesFreeMetalMaterials/Materials/M_YFMM_46.mat
  artifactKey: Guid(4284e0aad15d6b64d86768e51640a3aa) Importer(815301076,1909f56bfc062723c751e8b465ee728b)
Start importing Assets/YughuesFreeMetalMaterials/Materials/M_YFMM_46.mat using Guid(4284e0aad15d6b64d86768e51640a3aa) Importer(815301076,1909f56bfc062723c751e8b465ee728b)  -> (artifact id: '6aabe52e5c4c91e948b408254ff935b3') in 0.006520 seconds
Number of updated asset objects reloaded before import = 0
Number of asset objects unloaded after import = 1
========================================================================
Received Import Request.
  Time since last request: 0.000022 seconds.
  path: Assets/YughuesFreeMetalMaterials/Materials/M_YFMM_39.mat
  artifactKey: Guid(89b53b6902b0ec14baa1599e1c68d643) Importer(815301076,1909f56bfc062723c751e8b465ee728b)
Start importing Assets/YughuesFreeMetalMaterials/Materials/M_YFMM_39.mat using Guid(89b53b6902b0ec14baa1599e1c68d643) Importer(815301076,1909f56bfc062723c751e8b465ee728b)  -> (artifact id: 'fd44828a3b76263563bddf31962865e2') in 0.009886 seconds
Number of updated asset objects reloaded before import = 0
Number of asset objects unloaded after import = 1
========================================================================
Received Import Request.
  Time since last request: 0.000022 seconds.
  path: Assets/YughuesFreeMetalMaterials/Materials/M_YFMM_34.mat
  artifactKey: Guid(4a2abd4f67aefc24b9c6cca2d197adc7) Importer(815301076,1909f56bfc062723c751e8b465ee728b)
Start importing Assets/YughuesFreeMetalMaterials/Materials/M_YFMM_34.mat using Guid(4a2abd4f67aefc24b9c6cca2d197adc7) Importer(815301076,1909f56bfc062723c751e8b465ee728b)  -> (artifact id: '9d95a9a01be444e63b9cca1e4306812c') in 0.006560 seconds
Number of updated asset objects reloaded before import = 0
Number of asset objects unloaded after import = 1
========================================================================
Received Import Request.
  Time since last request: 0.000021 seconds.
  path: Assets/YughuesFreeMetalMaterials/Materials/M_YFMM_13.mat
  artifactKey: Guid(0e3ad63f883b06b458c1ef2d59167313) Importer(815301076,1909f56bfc062723c751e8b465ee728b)
Start importing Assets/YughuesFreeMetalMaterials/Materials/M_YFMM_13.mat using Guid(0e3ad63f883b06b458c1ef2d59167313) Importer(815301076,1909f56bfc062723c751e8b465ee728b)  -> (artifact id: 'cf7256ef248299b97cb8cb32c58c93c1') in 0.009357 seconds
Number of updated asset objects reloaded before import = 0
Number of asset objects unloaded after import = 1
========================================================================
Received Import Request.
  Time since last request: 0.000037 seconds.
  path: Assets/YughuesFreeMetalMaterials/Materials/M_YFMM_42.mat
  artifactKey: Guid(9ee5736c74580c341822a916611ab4f8) Importer(815301076,1909f56bfc062723c751e8b465ee728b)
Start importing Assets/YughuesFreeMetalMaterials/Materials/M_YFMM_42.mat using Guid(9ee5736c74580c341822a916611ab4f8) Importer(815301076,1909f56bfc062723c751e8b465ee728b)  -> (artifact id: '51ee9b93d3dc57b5514fce31241cc90b') in 0.009222 seconds
Number of updated asset objects reloaded before import = 0
Number of asset objects unloaded after import = 1
========================================================================
Received Import Request.
  Time since last request: 0.000061 seconds.
  path: Assets/YughuesFreeMetalMaterials/Materials/M_YFMM_05.mat
  artifactKey: Guid(d5c2611926b334e488e131369218f292) Importer(815301076,1909f56bfc062723c751e8b465ee728b)
Start importing Assets/YughuesFreeMetalMaterials/Materials/M_YFMM_05.mat using Guid(d5c2611926b334e488e131369218f292) Importer(815301076,1909f56bfc062723c751e8b465ee728b)  -> (artifact id: '32babc4652ce5737e945da250b0abfd2') in 0.007640 seconds
Number of updated asset objects reloaded before import = 0
Number of asset objects unloaded after import = 1
========================================================================
Received Import Request.
  Time since last request: 0.000018 seconds.
  path: Assets/YughuesFreeMetalMaterials/Materials/M_YFMM_47.mat
  artifactKey: Guid(7a453bae213a8b04b9e9f8adb81cc8be) Importer(815301076,1909f56bfc062723c751e8b465ee728b)
Start importing Assets/YughuesFreeMetalMaterials/Materials/M_YFMM_47.mat using Guid(7a453bae213a8b04b9e9f8adb81cc8be) Importer(815301076,1909f56bfc062723c751e8b465ee728b)  -> (artifact id: 'c78612dfdb78a8d5e0e9c368f5007b8d') in 0.006896 seconds
Number of updated asset objects reloaded before import = 0
Number of asset objects unloaded after import = 1
========================================================================
Received Import Request.
  Time since last request: 0.000018 seconds.
  path: Assets/YughuesFreeMetalMaterials/Materials/M_YFMM_41.mat
  artifactKey: Guid(c50e2eb70fabc794d9dde9a41e831644) Importer(815301076,1909f56bfc062723c751e8b465ee728b)
Start importing Assets/YughuesFreeMetalMaterials/Materials/M_YFMM_41.mat using Guid(c50e2eb70fabc794d9dde9a41e831644) Importer(815301076,1909f56bfc062723c751e8b465ee728b)  -> (artifact id: 'c9e57b0b0c26519d7f0876d6b636a507') in 0.008025 seconds
Number of updated asset objects reloaded before import = 0
Number of asset objects unloaded after import = 1
========================================================================
Received Import Request.
  Time since last request: 0.000060 seconds.
  path: Assets/YughuesFreeMetalMaterials/Materials/M_YFMM_43.mat
  artifactKey: Guid(0a31d93ccb7c2e04a8fae09bd5858d53) Importer(815301076,1909f56bfc062723c751e8b465ee728b)
Start importing Assets/YughuesFreeMetalMaterials/Materials/M_YFMM_43.mat using Guid(0a31d93ccb7c2e04a8fae09bd5858d53) Importer(815301076,1909f56bfc062723c751e8b465ee728b)  -> (artifact id: '729c68fdf99e23f17510c1fa6080dfb4') in 0.007310 seconds
Number of updated asset objects reloaded before import = 0
Number of asset objects unloaded after import = 1
========================================================================
Received Import Request.
  Time since last request: 0.000021 seconds.
  path: Assets/YughuesFreeMetalMaterials/Materials/M_YFMM_26.mat
  artifactKey: Guid(d114cde0600508c4f9eed72b935654e6) Importer(815301076,1909f56bfc062723c751e8b465ee728b)
Start importing Assets/YughuesFreeMetalMaterials/Materials/M_YFMM_26.mat using Guid(d114cde0600508c4f9eed72b935654e6) Importer(815301076,1909f56bfc062723c751e8b465ee728b)  -> (artifact id: '1f12ebf6ac9f2e9e8183582bffae92d3') in 0.011210 seconds
Number of updated asset objects reloaded before import = 0
Number of asset objects unloaded after import = 1
========================================================================
Received Import Request.
  Time since last request: 0.000027 seconds.
  path: Assets/YughuesFreeMetalMaterials/Materials/M_YFMM_48.mat
  artifactKey: Guid(a7a35a310f4bf234099e346d4c063b79) Importer(815301076,1909f56bfc062723c751e8b465ee728b)
Start importing Assets/YughuesFreeMetalMaterials/Materials/M_YFMM_48.mat using Guid(a7a35a310f4bf234099e346d4c063b79) Importer(815301076,1909f56bfc062723c751e8b465ee728b)  -> (artifact id: 'e2983dd15e87bdc080a0de0d30c4170e') in 0.008174 seconds
Number of updated asset objects reloaded before import = 0
Number of asset objects unloaded after import = 1
========================================================================
Received Import Request.
  Time since last request: 0.000024 seconds.
  path: Assets/YughuesFreeMetalMaterials/Materials/M_YFMM_45.mat
  artifactKey: Guid(b371f36f272eff140b69e5a5410cd2bd) Importer(815301076,1909f56bfc062723c751e8b465ee728b)
Start importing Assets/YughuesFreeMetalMaterials/Materials/M_YFMM_45.mat using Guid(b371f36f272eff140b69e5a5410cd2bd) Importer(815301076,1909f56bfc062723c751e8b465ee728b)  -> (artifact id: 'd5245b8c03d3775549792b7eedfca0e5') in 0.006804 seconds
Number of updated asset objects reloaded before import = 0
Number of asset objects unloaded after import = 1
========================================================================
Received Import Request.
  Time since last request: 0.000021 seconds.
  path: Assets/YughuesFreeMetalMaterials/Materials/M_YFMM_14.mat
  artifactKey: Guid(6bded294da3a9cf47bdb6b9259f86b49) Importer(815301076,1909f56bfc062723c751e8b465ee728b)
Start importing Assets/YughuesFreeMetalMaterials/Materials/M_YFMM_14.mat using Guid(6bded294da3a9cf47bdb6b9259f86b49) Importer(815301076,1909f56bfc062723c751e8b465ee728b)  -> (artifact id: '87b568d5f23254a48bed7056bf9d562d') in 0.007365 seconds
Number of updated asset objects reloaded before import = 0
Number of asset objects unloaded after import = 1
========================================================================
Received Import Request.
  Time since last request: 0.000023 seconds.
  path: Assets/YughuesFreeMetalMaterials/Materials/M_YFMM_12.mat
  artifactKey: Guid(d6e7475a477721949a7fa2353ffb7e32) Importer(815301076,1909f56bfc062723c751e8b465ee728b)
Start importing Assets/YughuesFreeMetalMaterials/Materials/M_YFMM_12.mat using Guid(d6e7475a477721949a7fa2353ffb7e32) Importer(815301076,1909f56bfc062723c751e8b465ee728b)  -> (artifact id: '176b09b02f9a68061df96f797348d951') in 0.089873 seconds
Number of updated asset objects reloaded before import = 0
Number of asset objects unloaded after import = 2
========================================================================
Received Import Request.
  Time since last request: 0.000021 seconds.
  path: Assets/YughuesFreeMetalMaterials/Materials/M_YFMM_07.mat
  artifactKey: Guid(579d167621596b0419dc2ebf58efe561) Importer(815301076,1909f56bfc062723c751e8b465ee728b)
Start importing Assets/YughuesFreeMetalMaterials/Materials/M_YFMM_07.mat using Guid(579d167621596b0419dc2ebf58efe561) Importer(815301076,1909f56bfc062723c751e8b465ee728b)  -> (artifact id: '9c67acc0b81b88f981c93e1fb4714ce5') in 0.011949 seconds
Number of updated asset objects reloaded before import = 0
Number of asset objects unloaded after import = 1
========================================================================
Received Import Request.
  Time since last request: 0.000042 seconds.
  path: Assets/YughuesFreeMetalMaterials/Materials/M_YFMM_29.mat
  artifactKey: Guid(c3f545871e6ad0b429875fb73852a671) Importer(815301076,1909f56bfc062723c751e8b465ee728b)
Start importing Assets/YughuesFreeMetalMaterials/Materials/M_YFMM_29.mat using Guid(c3f545871e6ad0b429875fb73852a671) Importer(815301076,1909f56bfc062723c751e8b465ee728b)  -> (artifact id: 'ff14c89df7388c43eae00396c0b24adb') in 0.006210 seconds
Number of updated asset objects reloaded before import = 0
Number of asset objects unloaded after import = 1
========================================================================
Received Import Request.
  Time since last request: 0.000017 seconds.
  path: Assets/YughuesFreeMetalMaterials/Materials/M_YFMM_21.mat
  artifactKey: Guid(d690ce46b58f6704caed1ffbff694459) Importer(815301076,1909f56bfc062723c751e8b465ee728b)
Start importing Assets/YughuesFreeMetalMaterials/Materials/M_YFMM_21.mat using Guid(d690ce46b58f6704caed1ffbff694459) Importer(815301076,1909f56bfc062723c751e8b465ee728b)  -> (artifact id: '5311a008745a958397f577786480f5dd') in 0.006067 seconds
Number of updated asset objects reloaded before import = 0
Number of asset objects unloaded after import = 1
========================================================================
Received Import Request.
  Time since last request: 77.992101 seconds.
  path: Assets/YughuesFreeMetalMaterials/Materials
  artifactKey: Guid(fa21751404a81f84588d1589814adbb1) Importer(815301076,1909f56bfc062723c751e8b465ee728b)
Start importing Assets/YughuesFreeMetalMaterials/Materials using Guid(fa21751404a81f84588d1589814adbb1) Importer(815301076,1909f56bfc062723c751e8b465ee728b)  -> (artifact id: '0e5ee65ba81a6d1db00aeba02927788f') in 0.001229 seconds
Number of updated asset objects reloaded before import = 0
Number of asset objects unloaded after import = 0
========================================================================
Received Import Request.
  Time since last request: 29.354642 seconds.
  path: Assets/YughuesFreeMetalMaterials/Demo/DEMO_YFMM_SphereMesh.FBX
  artifactKey: Guid(4f949ae83a043c64d9ee5d95fc9db193) Importer(815301076,1909f56bfc062723c751e8b465ee728b)
Start importing Assets/YughuesFreeMetalMaterials/Demo/DEMO_YFMM_SphereMesh.FBX using Guid(4f949ae83a043c64d9ee5d95fc9db193) Importer(815301076,1909f56bfc062723c751e8b465ee728b)  -> (artifact id: 'fdbe013e55d7e610ae8b33bc465919af') in 0.116818 seconds
Number of updated asset objects reloaded before import = 0
Number of asset objects unloaded after import = 7
========================================================================
Received Import Request.
  Time since last request: 13.303123 seconds.
  path: Assets/YughuesFreeMetalMaterials/Materials/Textures/T_44_Normal.tga
  artifactKey: Guid(54704d4d7f76b2e468dd1ca8dc904528) Importer(815301076,1909f56bfc062723c751e8b465ee728b)
Start importing Assets/YughuesFreeMetalMaterials/Materials/Textures/T_44_Normal.tga using Guid(54704d4d7f76b2e468dd1ca8dc904528) Importer(815301076,1909f56bfc062723c751e8b465ee728b)  -> (artifact id: '33927e4867eb1e0848d5e300840e2c99') in 0.011451 seconds
Number of updated asset objects reloaded before import = 0
Number of asset objects unloaded after import = 2
========================================================================
Received Import Request.
  Time since last request: 0.000133 seconds.
  path: Assets/YughuesFreeMetalMaterials/Materials/Textures/T_45_Diffuse.tga
  artifactKey: Guid(5ace3a704151e184d97d59ad71f393fd) Importer(815301076,1909f56bfc062723c751e8b465ee728b)
Start importing Assets/YughuesFreeMetalMaterials/Materials/Textures/T_45_Diffuse.tga using Guid(5ace3a704151e184d97d59ad71f393fd) Importer(815301076,1909f56bfc062723c751e8b465ee728b)  -> (artifact id: '627171cc6c2e0728485b33bf531d5411') in 0.007461 seconds
Number of updated asset objects reloaded before import = 0
Number of asset objects unloaded after import = 2
========================================================================
Received Import Request.
  Time since last request: 0.354378 seconds.
  path: Assets/YughuesFreeMetalMaterials/Materials/Textures/T_45_Normal.tga
  artifactKey: Guid(f9469f3b93a01a24c99b79f7d7ac025d) Importer(815301076,1909f56bfc062723c751e8b465ee728b)
Start importing Assets/YughuesFreeMetalMaterials/Materials/Textures/T_45_Normal.tga using Guid(f9469f3b93a01a24c99b79f7d7ac025d) Importer(815301076,1909f56bfc062723c751e8b465ee728b)  -> (artifact id: 'f338e7e6020d75659ae9123f060ca0b9') in 0.008522 seconds
Number of updated asset objects reloaded before import = 0
Number of asset objects unloaded after import = 2
========================================================================
Received Import Request.
  Time since last request: 0.005169 seconds.
  path: Assets/YughuesFreeMetalMaterials/Materials/Textures/T_46_Diffuse.tga
  artifactKey: Guid(04b2bfb7759f4854fb05998f97653d99) Importer(815301076,1909f56bfc062723c751e8b465ee728b)
Start importing Assets/YughuesFreeMetalMaterials/Materials/Textures/T_46_Diffuse.tga using Guid(04b2bfb7759f4854fb05998f97653d99) Importer(815301076,1909f56bfc062723c751e8b465ee728b)  -> (artifact id: '4339a719e7cbc0fa80456c2d64800fe2') in 0.012372 seconds
Number of updated asset objects reloaded before import = 0
Number of asset objects unloaded after import = 2
========================================================================
Received Import Request.
  Time since last request: 0.000046 seconds.
  path: Assets/YughuesFreeMetalMaterials/Materials/Textures/T_47_Specular.tga
  artifactKey: Guid(00519038c9eba4c42b26e4168e27a50f) Importer(815301076,1909f56bfc062723c751e8b465ee728b)
Start importing Assets/YughuesFreeMetalMaterials/Materials/Textures/T_47_Specular.tga using Guid(00519038c9eba4c42b26e4168e27a50f) Importer(815301076,1909f56bfc062723c751e8b465ee728b)  -> (artifact id: '9b73d8e1e9286c5d467c22f0d1329a7a') in 0.007637 seconds
Number of updated asset objects reloaded before import = 0
Number of asset objects unloaded after import = 2
========================================================================
Received Import Request.
  Time since last request: 0.000024 seconds.
  path: Assets/YughuesFreeMetalMaterials/Materials/Textures/T_46_Normal.tga
  artifactKey: Guid(e82e324b05afa3145b3f8ea754cc9cf3) Importer(815301076,1909f56bfc062723c751e8b465ee728b)
Start importing Assets/YughuesFreeMetalMaterials/Materials/Textures/T_46_Normal.tga using Guid(e82e324b05afa3145b3f8ea754cc9cf3) Importer(815301076,1909f56bfc062723c751e8b465ee728b)  -> (artifact id: '2178d6f85276104c0090fee5abfda10b') in 0.010703 seconds
Number of updated asset objects reloaded before import = 0
Number of asset objects unloaded after import = 2
========================================================================
Received Import Request.
  Time since last request: 0.000023 seconds.
  path: Assets/YughuesFreeMetalMaterials/Materials/Textures/T_48_Specular.tga
  artifactKey: Guid(e9bce6c95f36f1e4ea73c08b2a6165e3) Importer(815301076,1909f56bfc062723c751e8b465ee728b)
Start importing Assets/YughuesFreeMetalMaterials/Materials/Textures/T_48_Specular.tga using Guid(e9bce6c95f36f1e4ea73c08b2a6165e3) Importer(815301076,1909f56bfc062723c751e8b465ee728b)  -> (artifact id: 'd64269f2e3bf84e45388e18f6c5be710') in 0.013760 seconds
Number of updated asset objects reloaded before import = 0
Number of asset objects unloaded after import = 2
========================================================================
Received Import Request.
  Time since last request: 0.000025 seconds.
  path: Assets/YughuesFreeMetalMaterials/Materials/Textures/T_48_Normal.tga
  artifactKey: Guid(965f578db66371a418b1bd28186fa392) Importer(815301076,1909f56bfc062723c751e8b465ee728b)
Start importing Assets/YughuesFreeMetalMaterials/Materials/Textures/T_48_Normal.tga using Guid(965f578db66371a418b1bd28186fa392) Importer(815301076,1909f56bfc062723c751e8b465ee728b)  -> (artifact id: '6fe036ecf1b8d7fb494c48391c86d75d') in 0.010495 seconds
Number of updated asset objects reloaded before import = 0
Number of asset objects unloaded after import = 2
========================================================================
Received Import Request.
  Time since last request: 0.078084 seconds.
  path: Assets/YughuesFreeMetalMaterials/Materials/Textures/T_49_Diffuse.tga
  artifactKey: Guid(6809d5b885a2c084c8f85c4afbf126c6) Importer(815301076,1909f56bfc062723c751e8b465ee728b)
Start importing Assets/YughuesFreeMetalMaterials/Materials/Textures/T_49_Diffuse.tga using Guid(6809d5b885a2c084c8f85c4afbf126c6) Importer(815301076,1909f56bfc062723c751e8b465ee728b)  -> (artifact id: '162d44b19b530278edb196248c1bac77') in 0.011235 seconds
Number of updated asset objects reloaded before import = 0
Number of asset objects unloaded after import = 2
========================================================================
Received Import Request.
  Time since last request: 0.000014 seconds.
  path: Assets/YughuesFreeMetalMaterials/Materials/Textures/T_50_Specular.tga
  artifactKey: Guid(d702ca62fd313ed4da224fbda008871a) Importer(815301076,1909f56bfc062723c751e8b465ee728b)
Start importing Assets/YughuesFreeMetalMaterials/Materials/Textures/T_50_Specular.tga using Guid(d702ca62fd313ed4da224fbda008871a) Importer(815301076,1909f56bfc062723c751e8b465ee728b)  -> (artifact id: '4fa63336636f6d4fc27d868132b7d7f3') in 0.011685 seconds
Number of updated asset objects reloaded before import = 0
Number of asset objects unloaded after import = 2
========================================================================
Received Import Request.
  Time since last request: 0.000083 seconds.
  path: Assets/YughuesFreeMetalMaterials/Materials/Textures/T_50_Diffuse.tga
  artifactKey: Guid(027c6d88bf0fec941baa9efe8941fe2d) Importer(815301076,1909f56bfc062723c751e8b465ee728b)
Start importing Assets/YughuesFreeMetalMaterials/Materials/Textures/T_50_Diffuse.tga using Guid(027c6d88bf0fec941baa9efe8941fe2d) Importer(815301076,1909f56bfc062723c751e8b465ee728b)  -> (artifact id: '8d252f2b7831ea15ee1bf63b35720c80') in 0.007992 seconds
Number of updated asset objects reloaded before import = 0
Number of asset objects unloaded after import = 2
Editor requested this worker to shutdown with reason: Scaling down because of idle timeout
TcpMessagingSession - receive error: operation aborted. errorcode: 995, details: The I/O operation has been aborted because of either a thread exit or an application request.
AssetImportWorker is now disconnected from the server
Process exiting
Exiting without the bug reporter. Application will terminate with return code 0