Using pre-set license
Built from '2022.3/staging' branch; Version is '2022.3.21f1 (bf09ca542b87) revision 12519882'; Using compiler version '192829333'; Build Type 'Release'
OS: 'Windows 11  (10.0.22631) 64bit CoreSingleLanguage' Language: 'en' Physical Memory: 16069 MB
BatchMode: 1, IsHumanControllingUs: 0, StartBugReporterOnCrash: 0, Is64bit: 1, IsPro: 1

COMMAND LINE ARGUMENTS:
C:\Program Files\Unity\Hub\Editor\2022.3.21f1\Editor\Unity.exe
-adb2
-batchMode
-noUpm
-name
AssetImportWorker0
-projectPath
C:/Users/caleb/void runner/VOID-RUNNER-v3.0/voidRunner3.0
-logFile
Logs/AssetImportWorker0.log
-srvPort
56244
Successfully changed project path to: C:/Users/caleb/void runner/VOID-RUNNER-v3.0/voidRunner3.0
C:/Users/caleb/void runner/VOID-RUNNER-v3.0/voidRunner3.0
[UnityMemory] Configuration Parameters - Can be set up in boot.config
    "memorysetup-bucket-allocator-granularity=16"
    "memorysetup-bucket-allocator-bucket-count=8"
    "memorysetup-bucket-allocator-block-size=33554432"
    "memorysetup-bucket-allocator-block-count=8"
    "memorysetup-main-allocator-block-size=16777216"
    "memorysetup-thread-allocator-block-size=16777216"
    "memorysetup-gfx-main-allocator-block-size=16777216"
    "memorysetup-gfx-thread-allocator-block-size=16777216"
    "memorysetup-cache-allocator-block-size=4194304"
    "memorysetup-typetree-allocator-block-size=2097152"
    "memorysetup-profiler-bucket-allocator-granularity=16"
    "memorysetup-profiler-bucket-allocator-bucket-count=8"
    "memorysetup-profiler-bucket-allocator-block-size=33554432"
    "memorysetup-profiler-bucket-allocator-block-count=8"
    "memorysetup-profiler-allocator-block-size=16777216"
    "memorysetup-profiler-editor-allocator-block-size=1048576"
    "memorysetup-temp-allocator-size-main=16777216"
    "memorysetup-job-temp-allocator-block-size=2097152"
    "memorysetup-job-temp-allocator-block-size-background=1048576"
    "memorysetup-job-temp-allocator-reduction-small-platforms=262144"
    "memorysetup-allocator-temp-initial-block-size-main=262144"
    "memorysetup-allocator-temp-initial-block-size-worker=262144"
    "memorysetup-temp-allocator-size-background-worker=32768"
    "memorysetup-temp-allocator-size-job-worker=262144"
    "memorysetup-temp-allocator-size-preload-manager=33554432"
    "memorysetup-temp-allocator-size-nav-mesh-worker=65536"
    "memorysetup-temp-allocator-size-audio-worker=65536"
    "memorysetup-temp-allocator-size-cloud-worker=32768"
    "memorysetup-temp-allocator-size-gi-baking-worker=262144"
    "memorysetup-temp-allocator-size-gfx=262144"
Player connection [696] Host "[IP] 10.202.171.45 [Port] 0 [Flags] 2 [Guid] 2704486140 [EditorId] 2704486140 [Version] 1048832 [Id] WindowsEditor(7,MSI) [Debug] 1 [PackageName] WindowsEditor [ProjectName] Editor" joined multi-casting on [225.0.0.222:54997]...

Player connection [696] Host "[IP] 10.202.171.45 [Port] 0 [Flags] 2 [Guid] 2704486140 [EditorId] 2704486140 [Version] 1048832 [Id] WindowsEditor(7,MSI) [Debug] 1 [PackageName] WindowsEditor [ProjectName] Editor" joined alternative multi-casting on [225.0.0.222:34997]...

[Physics::Module] Initialized MultithreadedJobDispatcher with 11 workers.
Refreshing native plugins compatible for Editor in 7.16 ms, found 3 plugins.
Preloading 0 native plugins for Editor in 0.00 ms.
Initialize engine version: 2022.3.21f1 (bf09ca542b87)
[Subsystems] Discovering subsystems at path C:/Program Files/Unity/Hub/Editor/2022.3.21f1/Editor/Data/Resources/UnitySubsystems
[Subsystems] Discovering subsystems at path C:/Users/caleb/void runner/VOID-RUNNER-v3.0/voidRunner3.0/Assets
GfxDevice: creating device client; threaded=0; jobified=0
Direct3D:
    Version:  Direct3D 11.0 [level 11.1]
    Renderer: NVIDIA GeForce RTX 2050 (ID=0x25ad)
    Vendor:   NVIDIA
    VRAM:     3980 MB
    Driver:   31.0.15.4621
Initialize mono
Mono path[0] = 'C:/Program Files/Unity/Hub/Editor/2022.3.21f1/Editor/Data/Managed'
Mono path[1] = 'C:/Program Files/Unity/Hub/Editor/2022.3.21f1/Editor/Data/MonoBleedingEdge/lib/mono/unityjit-win32'
Mono config path = 'C:/Program Files/Unity/Hub/Editor/2022.3.21f1/Editor/Data/MonoBleedingEdge/etc'
Using monoOptions --debugger-agent=transport=dt_socket,embedding=1,server=y,suspend=n,address=127.0.0.1:56860
Begin MonoManager ReloadAssembly
Registering precompiled unity dll's ...
Register platform support module: C:/Program Files/Unity/Hub/Editor/2022.3.21f1/Editor/Data/PlaybackEngines/AndroidPlayer/UnityEditor.Android.Extensions.dll
Register platform support module: C:/Program Files/Unity/Hub/Editor/2022.3.21f1/Editor/Data/PlaybackEngines/WindowsStandaloneSupport/UnityEditor.WindowsStandalone.Extensions.dll
Registered in 0.005880 seconds.
- Loaded All Assemblies, in  0.346 seconds
Native extension for WindowsStandalone target not found
Native extension for Android target not found
Android Extension - Scanning For ADB Devices 285 ms
Mono: successfully reloaded assembly
- Finished resetting the current domain, in  0.603 seconds
Domain Reload Profiling: 947ms
	BeginReloadAssembly (96ms)
		ExecutionOrderSort (0ms)
		DisableScriptedObjects (0ms)
		BackupInstance (0ms)
		ReleaseScriptingObjects (0ms)
		CreateAndSetChildDomain (1ms)
	RebuildCommonClasses (32ms)
	RebuildNativeTypeToScriptingClass (9ms)
	initialDomainReloadingComplete (51ms)
	LoadAllAssembliesAndSetupDomain (156ms)
		LoadAssemblies (93ms)
		RebuildTransferFunctionScriptingTraits (0ms)
		AnalyzeDomain (154ms)
			TypeCache.Refresh (152ms)
				TypeCache.ScanAssembly (140ms)
			ScanForSourceGeneratedMonoScriptInfo (1ms)
			ResolveRequiredComponents (1ms)
	FinalizeReload (603ms)
		ReleaseScriptCaches (0ms)
		RebuildScriptCaches (0ms)
		SetupLoadedEditorAssemblies (548ms)
			LogAssemblyErrors (0ms)
			InitializePlatformSupportModulesInManaged (382ms)
			SetLoadedEditorAssemblies (3ms)
			RefreshPlugins (0ms)
			BeforeProcessingInitializeOnLoad (2ms)
			ProcessInitializeOnLoadAttributes (117ms)
			ProcessInitializeOnLoadMethodAttributes (44ms)
			AfterProcessingInitializeOnLoad (0ms)
			EditorAssembliesLoaded (0ms)
		ExecutionOrderSort2 (0ms)
		AwakeInstancesAfterBackupRestoration (0ms)
========================================================================
Worker process is ready to serve import requests
Begin MonoManager ReloadAssembly
- Loaded All Assemblies, in  0.618 seconds
Refreshing native plugins compatible for Editor in 2.38 ms, found 3 plugins.
Native extension for WindowsStandalone target not found
Native extension for Android target not found
Package Manager log level set to [2]
[Package Manager] Server::EnsureServerProcessIsRunning -- launch failed, reason: Unity was launched with the -noUpm command-line argument
[Package Manager] UpmClient::Send -- Unable to send message (not connected to UPM process).
[Package Manager] Cannot connect to Unity Package Manager local server
Mono: successfully reloaded assembly
- Finished resetting the current domain, in  0.552 seconds
Domain Reload Profiling: 1168ms
	BeginReloadAssembly (139ms)
		ExecutionOrderSort (0ms)
		DisableScriptedObjects (4ms)
		BackupInstance (0ms)
		ReleaseScriptingObjects (0ms)
		CreateAndSetChildDomain (24ms)
	RebuildCommonClasses (30ms)
	RebuildNativeTypeToScriptingClass (13ms)
	initialDomainReloadingComplete (38ms)
	LoadAllAssembliesAndSetupDomain (395ms)
		LoadAssemblies (263ms)
		RebuildTransferFunctionScriptingTraits (0ms)
		AnalyzeDomain (213ms)
			TypeCache.Refresh (195ms)
				TypeCache.ScanAssembly (178ms)
			ScanForSourceGeneratedMonoScriptInfo (13ms)
			ResolveRequiredComponents (3ms)
	FinalizeReload (553ms)
		ReleaseScriptCaches (0ms)
		RebuildScriptCaches (0ms)
		SetupLoadedEditorAssemblies (390ms)
			LogAssemblyErrors (0ms)
			InitializePlatformSupportModulesInManaged (24ms)
			SetLoadedEditorAssemblies (4ms)
			RefreshPlugins (0ms)
			BeforeProcessingInitializeOnLoad (52ms)
			ProcessInitializeOnLoadAttributes (282ms)
			ProcessInitializeOnLoadMethodAttributes (22ms)
			AfterProcessingInitializeOnLoad (6ms)
			EditorAssembliesLoaded (0ms)
		ExecutionOrderSort2 (0ms)
		AwakeInstancesAfterBackupRestoration (6ms)
Launched and connected shader compiler UnityShaderCompiler.exe after 0.05 seconds
Refreshing native plugins compatible for Editor in 3.62 ms, found 3 plugins.
Preloading 0 native plugins for Editor in 0.00 ms.
Unloading 3107 Unused Serialized files (Serialized files now loaded: 0)
Unloading 32 unused Assets / (57.6 KB). Loaded Objects now: 3588.
Memory consumption went from 139.3 MB to 139.2 MB.
Total: 3.856100 ms (FindLiveObjects: 0.305900 ms CreateObjectMapping: 0.172800 ms MarkObjects: 3.207700 ms  DeleteObjects: 0.168100 ms)

AssetImportParameters requested are different than current active one (requested -> active):
  custom:container-demuxer-ogg: 62fdf1f143b41e24485cea50d1cbac27 -> 
  custom:video-codec-MediaFoundation-h265: 746d11721c4dcdbdad8f713fa42b33f4 -> 
  custom:video-decoder-ogg-theora: a1e56fd34408186e4bbccfd4996cb3dc -> 
  custom:framework-win-MediaFoundation: 216162199b28c13a410421893ffa2e32 -> 
  custom:CustomObjectIndexerAttribute: 9a22284fe3817be447336de3de66b15e -> 
  custom:container-demuxer-webm: 4f35f7cbe854078d1ac9338744f61a02 -> 
  custom:container-muxer-webm: aa71ff27fc2769a1b78a27578f13a17b -> 
  custom:video-decoder-webm-vp8: 9c59270c3fd7afecdb556c50c9e8de78 -> 
  custom:SearchIndexIgnoredProperties: e643bd26f0fe6173181afceb89e7c659 -> 
  custom:AudioImporter_EditorPlatform: d09bf68614088b80899f8185d706f6e7 -> 
  custom:video-encoder-webm-vp8: eb34c28f22e8b96e1ab97ce403110664 -> 
  custom:audio-decoder-ogg-vorbis: bf7c407c2cedff20999df2af8eb42d56 -> 
  custom:audio-encoder-webm-vorbis: bf7c407c2cedff20999df2af8eb42d56 -> 
========================================================================
Received Import Request.
  Time since last request: 759732.512726 seconds.
  path: Assets/Scenes/Prefabs/Enemy.prefab
  artifactKey: Guid(dda37c8b184704d4ea69da4c8b8344ff) Importer(815301076,1909f56bfc062723c751e8b465ee728b)
Start importing Assets/Scenes/Prefabs/Enemy.prefab using Guid(dda37c8b184704d4ea69da4c8b8344ff) Importer(815301076,1909f56bfc062723c751e8b465ee728b)  -> (artifact id: '2c213fab4db61a074c1a78dce9a484a2') in 0.383721 seconds
Number of updated asset objects reloaded before import = 0
Number of asset objects unloaded after import = 656
========================================================================
Received Import Request.
  Time since last request: 53.179710 seconds.
  path: Assets/Scenes/Prefabs/Boss Level.prefab
  artifactKey: Guid(16c7ab8a2e6c8b34fbf0b1a07b138eaf) Importer(815301076,1909f56bfc062723c751e8b465ee728b)
Start importing Assets/Scenes/Prefabs/Boss Level.prefab using Guid(16c7ab8a2e6c8b34fbf0b1a07b138eaf) Importer(815301076,1909f56bfc062723c751e8b465ee728b)  -> (artifact id: '869c8e0d510b1e3e1c46137b776eaf2e') in 0.272327 seconds
Number of updated asset objects reloaded before import = 0
Number of asset objects unloaded after import = 658
========================================================================
Received Import Request.
  Time since last request: 0.000023 seconds.
  path: Assets/Scenes/Prefabs/Enemy.prefab
  artifactKey: Guid(dda37c8b184704d4ea69da4c8b8344ff) Importer(815301076,1909f56bfc062723c751e8b465ee728b)
Start importing Assets/Scenes/Prefabs/Enemy.prefab using Guid(dda37c8b184704d4ea69da4c8b8344ff) Importer(815301076,1909f56bfc062723c751e8b465ee728b)  -> (artifact id: '35f613fd379550e45ace239c12d278af') in 0.105115 seconds
Number of updated asset objects reloaded before import = 0
Number of asset objects unloaded after import = 658
========================================================================
Received Import Request.
  Time since last request: 14.116407 seconds.
  path: Assets/Scenes/Prefabs/Boss Level.prefab
  artifactKey: Guid(16c7ab8a2e6c8b34fbf0b1a07b138eaf) Importer(815301076,1909f56bfc062723c751e8b465ee728b)
Start importing Assets/Scenes/Prefabs/Boss Level.prefab using Guid(16c7ab8a2e6c8b34fbf0b1a07b138eaf) Importer(815301076,1909f56bfc062723c751e8b465ee728b)  -> (artifact id: 'b32e6b2e8559027e6f8d125754ae9ab4') in 0.231067 seconds
Number of updated asset objects reloaded before import = 0
Number of asset objects unloaded after import = 658
========================================================================
Received Import Request.
  Time since last request: 0.000033 seconds.
  path: Assets/Scenes/Prefabs/Enemy.prefab
  artifactKey: Guid(dda37c8b184704d4ea69da4c8b8344ff) Importer(815301076,1909f56bfc062723c751e8b465ee728b)
Start importing Assets/Scenes/Prefabs/Enemy.prefab using Guid(dda37c8b184704d4ea69da4c8b8344ff) Importer(815301076,1909f56bfc062723c751e8b465ee728b)  -> (artifact id: '52ebf4475447f0478ef9df70aaf87627') in 0.133843 seconds
Number of updated asset objects reloaded before import = 0
Number of asset objects unloaded after import = 658
========================================================================
Received Import Request.
  Time since last request: 32.651902 seconds.
  path: Assets/Scenes/Prefabs/Boss Level.prefab
  artifactKey: Guid(16c7ab8a2e6c8b34fbf0b1a07b138eaf) Importer(815301076,1909f56bfc062723c751e8b465ee728b)
Start importing Assets/Scenes/Prefabs/Boss Level.prefab using Guid(16c7ab8a2e6c8b34fbf0b1a07b138eaf) Importer(815301076,1909f56bfc062723c751e8b465ee728b)  -> (artifact id: '097c6a5f46fdead532df8c884d14d1d7') in 0.202279 seconds
Number of updated asset objects reloaded before import = 0
Number of asset objects unloaded after import = 658
========================================================================
Received Import Request.
  Time since last request: 0.000024 seconds.
  path: Assets/Scenes/Prefabs/Enemy.prefab
  artifactKey: Guid(dda37c8b184704d4ea69da4c8b8344ff) Importer(815301076,1909f56bfc062723c751e8b465ee728b)
Start importing Assets/Scenes/Prefabs/Enemy.prefab using Guid(dda37c8b184704d4ea69da4c8b8344ff) Importer(815301076,1909f56bfc062723c751e8b465ee728b)  -> (artifact id: 'd6f1cd0878cda87bc3bef7ca972b0329') in 0.121577 seconds
Number of updated asset objects reloaded before import = 0
Number of asset objects unloaded after import = 658
========================================================================
Received Import Request.
  Time since last request: 8.188797 seconds.
  path: Assets/Scenes/Prefabs/Boss Level.prefab
  artifactKey: Guid(16c7ab8a2e6c8b34fbf0b1a07b138eaf) Importer(815301076,1909f56bfc062723c751e8b465ee728b)
Start importing Assets/Scenes/Prefabs/Boss Level.prefab using Guid(16c7ab8a2e6c8b34fbf0b1a07b138eaf) Importer(815301076,1909f56bfc062723c751e8b465ee728b)  -> (artifact id: '2792f7cc929defec6d4284774b8fdf31') in 0.203765 seconds
Number of updated asset objects reloaded before import = 0
Number of asset objects unloaded after import = 659
========================================================================
Received Import Request.
  Time since last request: 9.462121 seconds.
  path: Assets/Scenes/Prefabs/Boss Level.prefab
  artifactKey: Guid(16c7ab8a2e6c8b34fbf0b1a07b138eaf) Importer(815301076,1909f56bfc062723c751e8b465ee728b)
Start importing Assets/Scenes/Prefabs/Boss Level.prefab using Guid(16c7ab8a2e6c8b34fbf0b1a07b138eaf) Importer(815301076,1909f56bfc062723c751e8b465ee728b)  -> (artifact id: '9235e37a47e6d0a3818876152e392e0e') in 0.197165 seconds
Number of updated asset objects reloaded before import = 0
Number of asset objects unloaded after import = 659
========================================================================
Received Import Request.
  Time since last request: 0.000028 seconds.
  path: Assets/Scenes/Prefabs/Enemy.prefab
  artifactKey: Guid(dda37c8b184704d4ea69da4c8b8344ff) Importer(815301076,1909f56bfc062723c751e8b465ee728b)
Start importing Assets/Scenes/Prefabs/Enemy.prefab using Guid(dda37c8b184704d4ea69da4c8b8344ff) Importer(815301076,1909f56bfc062723c751e8b465ee728b)  -> (artifact id: '2e50f4deee43336a707b50fdaf69bdfa') in 0.109981 seconds
Number of updated asset objects reloaded before import = 0
Number of asset objects unloaded after import = 659
========================================================================
Received Import Request.
  Time since last request: 5.277701 seconds.
  path: Assets/Scenes/Prefabs/Boss Level.prefab
  artifactKey: Guid(16c7ab8a2e6c8b34fbf0b1a07b138eaf) Importer(815301076,1909f56bfc062723c751e8b465ee728b)
Start importing Assets/Scenes/Prefabs/Boss Level.prefab using Guid(16c7ab8a2e6c8b34fbf0b1a07b138eaf) Importer(815301076,1909f56bfc062723c751e8b465ee728b)  -> (artifact id: 'a0ad296689218bae3b903f0f463ee1d2') in 0.213106 seconds
Number of updated asset objects reloaded before import = 0
Number of asset objects unloaded after import = 659
========================================================================
Received Import Request.
  Time since last request: 10.367059 seconds.
  path: Assets/Scenes/Prefabs/Boss Level.prefab
  artifactKey: Guid(16c7ab8a2e6c8b34fbf0b1a07b138eaf) Importer(815301076,1909f56bfc062723c751e8b465ee728b)
Start importing Assets/Scenes/Prefabs/Boss Level.prefab using Guid(16c7ab8a2e6c8b34fbf0b1a07b138eaf) Importer(815301076,1909f56bfc062723c751e8b465ee728b)  -> (artifact id: '57a5e0085f55eea1e951e6e5d3d27087') in 0.184725 seconds
Number of updated asset objects reloaded before import = 0
Number of asset objects unloaded after import = 659
========================================================================
Received Import Request.
  Time since last request: 0.000030 seconds.
  path: Assets/Scenes/Prefabs/Enemy.prefab
  artifactKey: Guid(dda37c8b184704d4ea69da4c8b8344ff) Importer(815301076,1909f56bfc062723c751e8b465ee728b)
Start importing Assets/Scenes/Prefabs/Enemy.prefab using Guid(dda37c8b184704d4ea69da4c8b8344ff) Importer(815301076,1909f56bfc062723c751e8b465ee728b)  -> (artifact id: '84fc0c810e030f07724a73b9083bf5c9') in 0.114319 seconds
Number of updated asset objects reloaded before import = 0
Number of asset objects unloaded after import = 659
========================================================================
Received Import Request.
  Time since last request: 3.428077 seconds.
  path: Assets/Scenes/Prefabs/Boss Level.prefab
  artifactKey: Guid(16c7ab8a2e6c8b34fbf0b1a07b138eaf) Importer(815301076,1909f56bfc062723c751e8b465ee728b)
Start importing Assets/Scenes/Prefabs/Boss Level.prefab using Guid(16c7ab8a2e6c8b34fbf0b1a07b138eaf) Importer(815301076,1909f56bfc062723c751e8b465ee728b)  -> (artifact id: '81a4b09d7fb13f442e0c02cc036fc5b8') in 0.208154 seconds
Number of updated asset objects reloaded before import = 0
Number of asset objects unloaded after import = 659
========================================================================
Received Import Request.
  Time since last request: 5.624355 seconds.
  path: Assets/Scenes/Prefabs/Boss Level.prefab
  artifactKey: Guid(16c7ab8a2e6c8b34fbf0b1a07b138eaf) Importer(815301076,1909f56bfc062723c751e8b465ee728b)
Start importing Assets/Scenes/Prefabs/Boss Level.prefab using Guid(16c7ab8a2e6c8b34fbf0b1a07b138eaf) Importer(815301076,1909f56bfc062723c751e8b465ee728b)  -> (artifact id: '8c609eadf73c917ff04cb7969150ffc0') in 0.204460 seconds
Number of updated asset objects reloaded before import = 0
Number of asset objects unloaded after import = 659
========================================================================
Received Import Request.
  Time since last request: 3.691239 seconds.
  path: Assets/Scenes/Prefabs/Boss Level.prefab
  artifactKey: Guid(16c7ab8a2e6c8b34fbf0b1a07b138eaf) Importer(815301076,1909f56bfc062723c751e8b465ee728b)
Start importing Assets/Scenes/Prefabs/Boss Level.prefab using Guid(16c7ab8a2e6c8b34fbf0b1a07b138eaf) Importer(815301076,1909f56bfc062723c751e8b465ee728b)  -> (artifact id: 'dbcbed978d0dc8df098b752462a614a4') in 0.203263 seconds
Number of updated asset objects reloaded before import = 0
Number of asset objects unloaded after import = 659
========================================================================
Received Import Request.
  Time since last request: 5.791700 seconds.
  path: Assets/Scenes/Prefabs/Boss Level.prefab
  artifactKey: Guid(16c7ab8a2e6c8b34fbf0b1a07b138eaf) Importer(815301076,1909f56bfc062723c751e8b465ee728b)
Start importing Assets/Scenes/Prefabs/Boss Level.prefab using Guid(16c7ab8a2e6c8b34fbf0b1a07b138eaf) Importer(815301076,1909f56bfc062723c751e8b465ee728b)  -> (artifact id: '16567eacb12978a317733b90d07361b8') in 0.208773 seconds
Number of updated asset objects reloaded before import = 0
Number of asset objects unloaded after import = 659
========================================================================
Received Import Request.
  Time since last request: 18.619132 seconds.
  path: Assets/Scenes/Prefabs/Boss Level.prefab
  artifactKey: Guid(16c7ab8a2e6c8b34fbf0b1a07b138eaf) Importer(815301076,1909f56bfc062723c751e8b465ee728b)
Start importing Assets/Scenes/Prefabs/Boss Level.prefab using Guid(16c7ab8a2e6c8b34fbf0b1a07b138eaf) Importer(815301076,1909f56bfc062723c751e8b465ee728b)  -> (artifact id: 'c262d58f11e5d2a3d3cc596b1736456a') in 0.197026 seconds
Number of updated asset objects reloaded before import = 0
Number of asset objects unloaded after import = 659
========================================================================
Received Import Request.
  Time since last request: 0.000022 seconds.
  path: Assets/Scenes/Prefabs/Enemy.prefab
  artifactKey: Guid(dda37c8b184704d4ea69da4c8b8344ff) Importer(815301076,1909f56bfc062723c751e8b465ee728b)
Start importing Assets/Scenes/Prefabs/Enemy.prefab using Guid(dda37c8b184704d4ea69da4c8b8344ff) Importer(815301076,1909f56bfc062723c751e8b465ee728b)  -> (artifact id: '277b647f7c8ff1ad0b1cb849ef18620a') in 0.119084 seconds
Number of updated asset objects reloaded before import = 0
Number of asset objects unloaded after import = 659
========================================================================
Received Import Request.
  Time since last request: 27.246941 seconds.
  path: Assets/Scenes/Prefabs/Boss Level.prefab
  artifactKey: Guid(16c7ab8a2e6c8b34fbf0b1a07b138eaf) Importer(815301076,1909f56bfc062723c751e8b465ee728b)
Start importing Assets/Scenes/Prefabs/Boss Level.prefab using Guid(16c7ab8a2e6c8b34fbf0b1a07b138eaf) Importer(815301076,1909f56bfc062723c751e8b465ee728b)  -> (artifact id: '6c5c9b69c0a292357256e6e0c2500cd9') in 0.215354 seconds
Number of updated asset objects reloaded before import = 0
Number of asset objects unloaded after import = 659
Editor requested this worker to shutdown with reason: Scaling down because of idle timeout
TcpMessagingSession - receive error: operation aborted. errorcode: 995, details: The I/O operation has been aborted because of either a thread exit or an application request.
AssetImportWorker is now disconnected from the server
Process exiting
Exiting without the bug reporter. Application will terminate with return code 0